<?xml version="1.0" encoding="UTF-8"?>
  <testsuite tests="37" failures="3" time="848.395035338">
      <testcase name="[sig-api-machinery] Namespaces [Serial] should ensure that all pods are removed when a namespace is deleted." classname="Kubernetes e2e suite" time="0">
          <skipped></skipped>
      </testcase>
      <testcase name="[k8s.io] [Feature:Example] [k8s.io] Redis should create and stop redis servers" classname="Kubernetes e2e suite" time="0">
          <skipped></skipped>
      </testcase>
      <testcase name="[sig-storage] Subpath [Volume type: gcePDPartitioned] should support file as subpath" classname="Kubernetes e2e suite" time="0">
          <skipped></skipped>
      </testcase>
      <testcase name="[sig-storage] Volume Placement should create and delete pod with multiple volumes from same datastore" classname="Kubernetes e2e suite" time="0">
          <skipped></skipped>
      </testcase>
      <testcase name="[sig-storage] Projected optional updates should be reflected in volume [NodeConformance] [Conformance]" classname="Kubernetes e2e suite" time="0">
          <skipped></skipped>
      </testcase>
      <testcase name="[sig-storage] Subpath [Volume type: gcePDPartitioned] should support existing single file" classname="Kubernetes e2e suite" time="0">
          <skipped></skipped>
      </testcase>
      <testcase name="[sig-storage] Volume Provisioning on Datastore [Feature:vsphere] verify dynamically provisioned pv using storageclass fails on an invalid datastore" classname="Kubernetes e2e suite" time="0">
          <skipped></skipped>
      </testcase>
      <testcase name="[sig-apps] Job should delete a job" classname="Kubernetes e2e suite" time="0">
          <skipped></skipped>
      </testcase>
      <testcase name="[sig-storage] Subpath [Volume type: emptyDir] should support creating multiple subpath from same volumes [Slow]" classname="Kubernetes e2e suite" time="0">
          <skipped></skipped>
      </testcase>
      <testcase name="[k8s.io] Pods should contain environment variables for services [NodeConformance] [Conformance]" classname="Kubernetes e2e suite" time="0">
          <skipped></skipped>
      </testcase>
      <testcase name="[sig-storage] GCP Volumes NFSv3 should be mountable for NFSv3" classname="Kubernetes e2e suite" time="0">
          <skipped></skipped>
      </testcase>
      <testcase name="[sig-storage] Subpath [Volume type: hostPath] should support non-existent path" classname="Kubernetes e2e suite" time="0">
          <skipped></skipped>
      </testcase>
      <testcase name="[sig-storage] PersistentVolumes-local  [Volume type: dir] One pod requesting one prebound PVC should be able to mount volume and write from pod1" classname="Kubernetes e2e suite" time="0">
          <skipped></skipped>
      </testcase>
      <testcase name="[sig-network] Services should provide secure master service  [Conformance]" classname="Kubernetes e2e suite" time="0">
          <skipped></skipped>
      </testcase>
      <testcase name="[sig-storage] PersistentVolumes-local  [Volume type: dir] Set fsGroup for local volume should set different fsGroup for second pod if first pod is deleted" classname="Kubernetes e2e suite" time="0">
          <skipped></skipped>
      </testcase>
      <testcase name="[sig-apps] StatefulSet [k8s.io] Basic StatefulSet functionality [StatefulSetBasic] should implement legacy replacement when the update strategy is OnDelete" classname="Kubernetes e2e suite" time="0">
          <skipped></skipped>
      </testcase>
      <testcase name="[sig-storage] PersistentVolumes-local  [Volume type: blockfs] Set fsGroup for local volume should not set different fsGroups for two pods simultaneously" classname="Kubernetes e2e suite" time="0">
          <skipped></skipped>
      </testcase>
      <testcase name="[sig-apps] Network Partition [Disruptive] [Slow] [k8s.io] Pods should be evicted from unready Node [Feature:TaintEviction] All pods on the unreachable node should be marked as NotReady upon the node turn NotReady AND all pods should be evicted after eviction timeout passes" classname="Kubernetes e2e suite" time="0">
          <skipped></skipped>
      </testcase>
      <testcase name="[sig-storage] ConfigMap should be consumable from pods in volume [NodeConformance] [Conformance]" classname="Kubernetes e2e suite" time="0">
          <skipped></skipped>
      </testcase>
      <testcase name="[k8s.io] Docker Containers should be able to override the image&#39;s default command (docker entrypoint) [NodeConformance] [Conformance]" classname="Kubernetes e2e suite" time="10.343532275"></testcase>
      <testcase name="[sig-storage] Volumes iSCSI [Feature:Volumes] should be mountable" classname="Kubernetes e2e suite" time="0">
          <skipped></skipped>
      </testcase>
      <testcase name="[sig-storage] Volume Operations Storm [Feature:vsphere] should create pod with many volumes and verify no attach call fails" classname="Kubernetes e2e suite" time="0">
          <skipped></skipped>
      </testcase>
      <testcase name="[k8s.io] Probing container should be restarted with a exec &#34;cat /tmp/health&#34; liveness probe [NodeConformance] [Conformance]" classname="Kubernetes e2e suite" time="0">
          <skipped></skipped>
      </testcase>
      <testcase name="[sig-storage] EmptyDir volumes should support (root,0644,tmpfs) [NodeConformance] [Conformance]" classname="Kubernetes e2e suite" time="0">
          <skipped></skipped>
      </testcase>
      <testcase name="[sig-apps] Deployment test Deployment ReplicaSet orphaning and adoption regarding controllerRef" classname="Kubernetes e2e suite" time="0">
          <skipped></skipped>
      </testcase>
      <testcase name="[sig-storage] PersistentVolumes-local  [Volume type: tmpfs] One pod requesting one prebound PVC should be able to mount volume and read from pod1" classname="Kubernetes e2e suite" time="0">
          <skipped></skipped>
      </testcase>
      <testcase name="[sig-storage] Mounted volume expand[Slow] Should verify mounted devices can be resized" classname="Kubernetes e2e suite" time="0">
          <skipped></skipped>
      </testcase>
      <testcase name="[k8s.io] [sig-node] Kubelet [Serial] [Slow] [k8s.io] [sig-node] experimental resource usage tracking [Feature:ExperimentalResourceUsageTracking] resource tracking for 100 pods per node" classname="Kubernetes e2e suite" time="0">
          <skipped></skipped>
      </testcase>
      <testcase name="[sig-scheduling] ResourceQuota should create a ResourceQuota and capture the life of a configMap." classname="Kubernetes e2e suite" time="0">
          <skipped></skipped>
      </testcase>
      <testcase name="[sig-storage] PersistentVolumes-local  [Volume type: blockfs] Two pods mounting a local volume at the same time should be able to write from pod1 and read from pod2" classname="Kubernetes e2e suite" time="0">
          <skipped></skipped>
      </testcase>
      <testcase name="[sig-storage] Subpath [Volume type: emptyDir] should support restarting containers using file as subpath [Slow]" classname="Kubernetes e2e suite" time="0">
          <skipped></skipped>
      </testcase>
      <testcase name="[sig-storage] EmptyDir volumes should support (non-root,0777,tmpfs) [NodeConformance] [Conformance]" classname="Kubernetes e2e suite" time="0">
          <skipped></skipped>
      </testcase>
      <testcase name="[sig-network] Services should work after restarting kube-proxy [Disruptive]" classname="Kubernetes e2e suite" time="0">
          <skipped></skipped>
      </testcase>
      <testcase name="[sig-storage] Subpath [Volume type: hostPathSymlink] should support file as subpath" classname="Kubernetes e2e suite" time="0">
          <skipped></skipped>
      </testcase>
      <testcase name="[sig-network] Loadbalancing: L7 GCE [Slow] [Feature:Ingress] should support multiple TLS certs" classname="Kubernetes e2e suite" time="0">
          <skipped></skipped>
      </testcase>
      <testcase name="[sig-network] Services should be able to create an internal type load balancer [Slow] [DisabledForLargeClusters]" classname="Kubernetes e2e suite" time="0">
          <skipped></skipped>
      </testcase>
      <testcase name="[sig-apps] Deployment RollingUpdateDeployment should delete old pods and create new ones" classname="Kubernetes e2e suite" time="0">
          <skipped></skipped>
      </testcase>
      <testcase name="[sig-network] Networking IPerf IPv6 [Experimental] [Feature:Networking-IPv6] [Slow] [Feature:Networking-Performance] should transfer ~ 1GB onto the service endpoint 1 servers (maximum of 1 clients)" classname="Kubernetes e2e suite" time="0">
          <skipped></skipped>
      </testcase>
      <testcase name="[sig-network] Loadbalancing: L7 Scalability GCE [Slow] [Serial] [Feature:IngressScale] Creating and updating ingresses should happen promptly with small/medium/large amount of ingresses" classname="Kubernetes e2e suite" time="0">
          <skipped></skipped>
      </testcase>
      <testcase name="[sig-scheduling] SchedulerPredicates [Serial] validates that NodeAffinity is respected if not matching" classname="Kubernetes e2e suite" time="0">
          <skipped></skipped>
      </testcase>
      <testcase name="[sig-storage] Dynamic Provisioning DynamicProvisioner Default should create and delete default persistent volumes [Slow]" classname="Kubernetes e2e suite" time="303.180712189">
          <failure type="Failure">/home/t-xinhli/go/src/k8s.io/kubernetes/_output/local/go/src/k8s.io/kubernetes/test/e2e/storage/volume_provisioning.go:708&#xA;Expected error:&#xA;    &lt;*errors.errorString | 0xc42076da20&gt;: {&#xA;        s: &#34;PersistentVolumeClaim pvc-zm8dx not in phase Bound within 5m0s&#34;,&#xA;    }&#xA;    PersistentVolumeClaim pvc-zm8dx not in phase Bound within 5m0s&#xA;not to have occurred&#xA;/home/t-xinhli/go/src/k8s.io/kubernetes/_output/local/go/src/k8s.io/kubernetes/test/e2e/storage/volume_provisioning.go:92</failure>
          <system-out>[BeforeEach] [sig-storage] Dynamic Provisioning&#xA;  /home/t-xinhli/go/src/k8s.io/kubernetes/_output/local/go/src/k8s.io/kubernetes/test/e2e/framework/framework.go:141&#xA;�[1mSTEP�[0m: Creating a kubernetes client&#xA;Jun 19 07:50:15.070: INFO: &gt;&gt;&gt; kubeConfig: /home/t-xinhli/new-provider/cloud-provider-azure/t-xinhli-new3/kubeconfig&#xA;�[1mSTEP�[0m: Building a namespace api object&#xA;�[1mSTEP�[0m: Waiting for a default service account to be provisioned in namespace&#xA;[BeforeEach] [sig-storage] Dynamic Provisioning&#xA;  /home/t-xinhli/go/src/k8s.io/kubernetes/_output/local/go/src/k8s.io/kubernetes/test/e2e/storage/volume_provisioning.go:247&#xA;[It] should create and delete default persistent volumes [Slow]&#xA;  /home/t-xinhli/go/src/k8s.io/kubernetes/_output/local/go/src/k8s.io/kubernetes/test/e2e/storage/volume_provisioning.go:708&#xA;�[1mSTEP�[0m: creating a claim with no annotation&#xA;�[1mSTEP�[0m: creating a claim&#xA;Jun 19 07:50:15.193: INFO: Waiting up to 5m0s for PersistentVolumeClaim pvc-zm8dx to have phase Bound&#xA;Jun 19 07:50:15.199: INFO: PersistentVolumeClaim pvc-zm8dx found but phase is Pending instead of Bound.&#xA;Jun 19 07:50:17.202: INFO: PersistentVolumeClaim pvc-zm8dx found but phase is Pending instead of Bound.&#xA;Jun 19 07:50:19.206: INFO: PersistentVolumeClaim pvc-zm8dx found but phase is Pending instead of Bound.&#xA;Jun 19 07:50:21.209: INFO: PersistentVolumeClaim pvc-zm8dx found but phase is Pending instead of Bound.&#xA;Jun 19 07:50:23.215: INFO: PersistentVolumeClaim pvc-zm8dx found but phase is Pending instead of Bound.&#xA;Jun 19 07:50:25.218: INFO: PersistentVolumeClaim pvc-zm8dx found but phase is Pending instead of Bound.&#xA;Jun 19 07:50:27.222: INFO: PersistentVolumeClaim pvc-zm8dx found but phase is Pending instead of Bound.&#xA;Jun 19 07:50:29.225: INFO: PersistentVolumeClaim pvc-zm8dx found but phase is Pending instead of Bound.&#xA;Jun 19 07:50:31.229: INFO: PersistentVolumeClaim pvc-zm8dx found but phase is Pending instead of Bound.&#xA;Jun 19 07:50:33.233: INFO: PersistentVolumeClaim pvc-zm8dx found but phase is Pending instead of Bound.&#xA;Jun 19 07:50:35.853: INFO: PersistentVolumeClaim pvc-zm8dx found but phase is Pending instead of Bound.&#xA;Jun 19 07:50:37.856: INFO: PersistentVolumeClaim pvc-zm8dx found but phase is Pending instead of Bound.&#xA;Jun 19 07:50:39.860: INFO: PersistentVolumeClaim pvc-zm8dx found but phase is Pending instead of Bound.&#xA;Jun 19 07:50:41.864: INFO: PersistentVolumeClaim pvc-zm8dx found but phase is Pending instead of Bound.&#xA;Jun 19 07:50:43.868: INFO: PersistentVolumeClaim pvc-zm8dx found but phase is Pending instead of Bound.&#xA;Jun 19 07:50:45.871: INFO: PersistentVolumeClaim pvc-zm8dx found but phase is Pending instead of Bound.&#xA;Jun 19 07:50:47.875: INFO: PersistentVolumeClaim pvc-zm8dx found but phase is Pending instead of Bound.&#xA;Jun 19 07:50:49.879: INFO: PersistentVolumeClaim pvc-zm8dx found but phase is Pending instead of Bound.&#xA;Jun 19 07:50:51.882: INFO: PersistentVolumeClaim pvc-zm8dx found but phase is Pending instead of Bound.&#xA;Jun 19 07:50:53.886: INFO: PersistentVolumeClaim pvc-zm8dx found but phase is Pending instead of Bound.&#xA;Jun 19 07:50:55.890: INFO: PersistentVolumeClaim pvc-zm8dx found but phase is Pending instead of Bound.&#xA;Jun 19 07:50:57.893: INFO: PersistentVolumeClaim pvc-zm8dx found but phase is Pending instead of Bound.&#xA;Jun 19 07:50:59.898: INFO: PersistentVolumeClaim pvc-zm8dx found but phase is Pending instead of Bound.&#xA;Jun 19 07:51:01.902: INFO: PersistentVolumeClaim pvc-zm8dx found but phase is Pending instead of Bound.&#xA;Jun 19 07:51:03.908: INFO: PersistentVolumeClaim pvc-zm8dx found but phase is Pending instead of Bound.&#xA;Jun 19 07:51:05.911: INFO: PersistentVolumeClaim pvc-zm8dx found but phase is Pending instead of Bound.&#xA;Jun 19 07:51:07.915: INFO: PersistentVolumeClaim pvc-zm8dx found but phase is Pending instead of Bound.&#xA;Jun 19 07:51:09.918: INFO: PersistentVolumeClaim pvc-zm8dx found but phase is Pending instead of Bound.&#xA;Jun 19 07:51:11.921: INFO: PersistentVolumeClaim pvc-zm8dx found but phase is Pending instead of Bound.&#xA;Jun 19 07:51:13.925: INFO: PersistentVolumeClaim pvc-zm8dx found but phase is Pending instead of Bound.&#xA;Jun 19 07:51:15.928: INFO: PersistentVolumeClaim pvc-zm8dx found but phase is Pending instead of Bound.&#xA;Jun 19 07:51:17.932: INFO: PersistentVolumeClaim pvc-zm8dx found but phase is Pending instead of Bound.&#xA;Jun 19 07:51:19.935: INFO: PersistentVolumeClaim pvc-zm8dx found but phase is Pending instead of Bound.&#xA;Jun 19 07:51:21.939: INFO: PersistentVolumeClaim pvc-zm8dx found but phase is Pending instead of Bound.&#xA;Jun 19 07:51:23.943: INFO: PersistentVolumeClaim pvc-zm8dx found but phase is Pending instead of Bound.&#xA;Jun 19 07:51:25.946: INFO: PersistentVolumeClaim pvc-zm8dx found but phase is Pending instead of Bound.&#xA;Jun 19 07:51:27.950: INFO: PersistentVolumeClaim pvc-zm8dx found but phase is Pending instead of Bound.&#xA;Jun 19 07:51:29.953: INFO: PersistentVolumeClaim pvc-zm8dx found but phase is Pending instead of Bound.&#xA;Jun 19 07:51:31.957: INFO: PersistentVolumeClaim pvc-zm8dx found but phase is Pending instead of Bound.&#xA;Jun 19 07:51:33.961: INFO: PersistentVolumeClaim pvc-zm8dx found but phase is Pending instead of Bound.&#xA;Jun 19 07:51:35.965: INFO: PersistentVolumeClaim pvc-zm8dx found but phase is Pending instead of Bound.&#xA;Jun 19 07:51:37.968: INFO: PersistentVolumeClaim pvc-zm8dx found but phase is Pending instead of Bound.&#xA;Jun 19 07:51:39.972: INFO: PersistentVolumeClaim pvc-zm8dx found but phase is Pending instead of Bound.&#xA;Jun 19 07:51:41.975: INFO: PersistentVolumeClaim pvc-zm8dx found but phase is Pending instead of Bound.&#xA;Jun 19 07:51:43.980: INFO: PersistentVolumeClaim pvc-zm8dx found but phase is Pending instead of Bound.&#xA;Jun 19 07:51:45.983: INFO: PersistentVolumeClaim pvc-zm8dx found but phase is Pending instead of Bound.&#xA;Jun 19 07:51:47.986: INFO: PersistentVolumeClaim pvc-zm8dx found but phase is Pending instead of Bound.&#xA;Jun 19 07:51:49.989: INFO: PersistentVolumeClaim pvc-zm8dx found but phase is Pending instead of Bound.&#xA;Jun 19 07:51:51.992: INFO: PersistentVolumeClaim pvc-zm8dx found but phase is Pending instead of Bound.&#xA;Jun 19 07:51:53.998: INFO: PersistentVolumeClaim pvc-zm8dx found but phase is Pending instead of Bound.&#xA;Jun 19 07:51:56.001: INFO: PersistentVolumeClaim pvc-zm8dx found but phase is Pending instead of Bound.&#xA;Jun 19 07:51:58.010: INFO: PersistentVolumeClaim pvc-zm8dx found but phase is Pending instead of Bound.&#xA;Jun 19 07:52:00.013: INFO: PersistentVolumeClaim pvc-zm8dx found but phase is Pending instead of Bound.&#xA;Jun 19 07:52:02.378: INFO: PersistentVolumeClaim pvc-zm8dx found but phase is Pending instead of Bound.&#xA;Jun 19 07:52:04.381: INFO: PersistentVolumeClaim pvc-zm8dx found but phase is Pending instead of Bound.&#xA;Jun 19 07:52:06.384: INFO: PersistentVolumeClaim pvc-zm8dx found but phase is Pending instead of Bound.&#xA;Jun 19 07:52:08.387: INFO: PersistentVolumeClaim pvc-zm8dx found but phase is Pending instead of Bound.&#xA;Jun 19 07:52:10.391: INFO: PersistentVolumeClaim pvc-zm8dx found but phase is Pending instead of Bound.&#xA;Jun 19 07:52:12.394: INFO: PersistentVolumeClaim pvc-zm8dx found but phase is Pending instead of Bound.&#xA;Jun 19 07:52:14.398: INFO: PersistentVolumeClaim pvc-zm8dx found but phase is Pending instead of Bound.&#xA;Jun 19 07:52:16.401: INFO: PersistentVolumeClaim pvc-zm8dx found but phase is Pending instead of Bound.&#xA;Jun 19 07:52:18.405: INFO: PersistentVolumeClaim pvc-zm8dx found but phase is Pending instead of Bound.&#xA;Jun 19 07:52:20.408: INFO: PersistentVolumeClaim pvc-zm8dx found but phase is Pending instead of Bound.&#xA;Jun 19 07:52:22.412: INFO: PersistentVolumeClaim pvc-zm8dx found but phase is Pending instead of Bound.&#xA;Jun 19 07:52:24.415: INFO: PersistentVolumeClaim pvc-zm8dx found but phase is Pending instead of Bound.&#xA;Jun 19 07:52:26.419: INFO: PersistentVolumeClaim pvc-zm8dx found but phase is Pending instead of Bound.&#xA;Jun 19 07:52:28.423: INFO: PersistentVolumeClaim pvc-zm8dx found but phase is Pending instead of Bound.&#xA;Jun 19 07:52:30.426: INFO: PersistentVolumeClaim pvc-zm8dx found but phase is Pending instead of Bound.&#xA;Jun 19 07:52:32.430: INFO: PersistentVolumeClaim pvc-zm8dx found but phase is Pending instead of Bound.&#xA;Jun 19 07:52:34.433: INFO: PersistentVolumeClaim pvc-zm8dx found but phase is Pending instead of Bound.&#xA;Jun 19 07:52:36.437: INFO: PersistentVolumeClaim pvc-zm8dx found but phase is Pending instead of Bound.&#xA;Jun 19 07:52:38.443: INFO: PersistentVolumeClaim pvc-zm8dx found but phase is Pending instead of Bound.&#xA;Jun 19 07:52:40.446: INFO: PersistentVolumeClaim pvc-zm8dx found but phase is Pending instead of Bound.&#xA;Jun 19 07:52:42.450: INFO: PersistentVolumeClaim pvc-zm8dx found but phase is Pending instead of Bound.&#xA;Jun 19 07:52:44.453: INFO: PersistentVolumeClaim pvc-zm8dx found but phase is Pending instead of Bound.&#xA;Jun 19 07:52:46.457: INFO: PersistentVolumeClaim pvc-zm8dx found but phase is Pending instead of Bound.&#xA;Jun 19 07:52:48.461: INFO: PersistentVolumeClaim pvc-zm8dx found but phase is Pending instead of Bound.&#xA;Jun 19 07:52:50.464: INFO: PersistentVolumeClaim pvc-zm8dx found but phase is Pending instead of Bound.&#xA;Jun 19 07:52:52.468: INFO: PersistentVolumeClaim pvc-zm8dx found but phase is Pending instead of Bound.&#xA;Jun 19 07:52:54.472: INFO: PersistentVolumeClaim pvc-zm8dx found but phase is Pending instead of Bound.&#xA;Jun 19 07:52:56.475: INFO: PersistentVolumeClaim pvc-zm8dx found but phase is Pending instead of Bound.&#xA;Jun 19 07:52:58.478: INFO: PersistentVolumeClaim pvc-zm8dx found but phase is Pending instead of Bound.&#xA;Jun 19 07:53:00.481: INFO: PersistentVolumeClaim pvc-zm8dx found but phase is Pending instead of Bound.&#xA;Jun 19 07:53:02.485: INFO: PersistentVolumeClaim pvc-zm8dx found but phase is Pending instead of Bound.&#xA;Jun 19 07:53:04.488: INFO: PersistentVolumeClaim pvc-zm8dx found but phase is Pending instead of Bound.&#xA;Jun 19 07:53:06.492: INFO: PersistentVolumeClaim pvc-zm8dx found but phase is Pending instead of Bound.&#xA;Jun 19 07:53:08.495: INFO: PersistentVolumeClaim pvc-zm8dx found but phase is Pending instead of Bound.&#xA;Jun 19 07:53:10.498: INFO: PersistentVolumeClaim pvc-zm8dx found but phase is Pending instead of Bound.&#xA;Jun 19 07:53:12.502: INFO: PersistentVolumeClaim pvc-zm8dx found but phase is Pending instead of Bound.&#xA;Jun 19 07:53:14.505: INFO: PersistentVolumeClaim pvc-zm8dx found but phase is Pending instead of Bound.&#xA;Jun 19 07:53:16.509: INFO: PersistentVolumeClaim pvc-zm8dx found but phase is Pending instead of Bound.&#xA;Jun 19 07:53:18.512: INFO: PersistentVolumeClaim pvc-zm8dx found but phase is Pending instead of Bound.&#xA;Jun 19 07:53:20.518: INFO: PersistentVolumeClaim pvc-zm8dx found but phase is Pending instead of Bound.&#xA;Jun 19 07:53:22.523: INFO: PersistentVolumeClaim pvc-zm8dx found but phase is Pending instead of Bound.&#xA;Jun 19 07:53:24.527: INFO: PersistentVolumeClaim pvc-zm8dx found but phase is Pending instead of Bound.&#xA;Jun 19 07:53:26.531: INFO: PersistentVolumeClaim pvc-zm8dx found but phase is Pending instead of Bound.&#xA;Jun 19 07:53:28.537: INFO: PersistentVolumeClaim pvc-zm8dx found but phase is Pending instead of Bound.&#xA;Jun 19 07:53:30.540: INFO: PersistentVolumeClaim pvc-zm8dx found but phase is Pending instead of Bound.&#xA;Jun 19 07:53:32.544: INFO: PersistentVolumeClaim pvc-zm8dx found but phase is Pending instead of Bound.&#xA;Jun 19 07:53:34.547: INFO: PersistentVolumeClaim pvc-zm8dx found but phase is Pending instead of Bound.&#xA;Jun 19 07:53:36.552: INFO: PersistentVolumeClaim pvc-zm8dx found but phase is Pending instead of Bound.&#xA;Jun 19 07:53:38.555: INFO: PersistentVolumeClaim pvc-zm8dx found but phase is Pending instead of Bound.&#xA;Jun 19 07:53:40.559: INFO: PersistentVolumeClaim pvc-zm8dx found but phase is Pending instead of Bound.&#xA;Jun 19 07:53:42.562: INFO: PersistentVolumeClaim pvc-zm8dx found but phase is Pending instead of Bound.&#xA;Jun 19 07:53:44.565: INFO: PersistentVolumeClaim pvc-zm8dx found but phase is Pending instead of Bound.&#xA;Jun 19 07:53:46.569: INFO: PersistentVolumeClaim pvc-zm8dx found but phase is Pending instead of Bound.&#xA;Jun 19 07:53:48.572: INFO: PersistentVolumeClaim pvc-zm8dx found but phase is Pending instead of Bound.&#xA;Jun 19 07:53:50.576: INFO: PersistentVolumeClaim pvc-zm8dx found but phase is Pending instead of Bound.&#xA;Jun 19 07:53:52.579: INFO: PersistentVolumeClaim pvc-zm8dx found but phase is Pending instead of Bound.&#xA;Jun 19 07:53:54.583: INFO: PersistentVolumeClaim pvc-zm8dx found but phase is Pending instead of Bound.&#xA;Jun 19 07:53:56.586: INFO: PersistentVolumeClaim pvc-zm8dx found but phase is Pending instead of Bound.&#xA;Jun 19 07:53:58.590: INFO: PersistentVolumeClaim pvc-zm8dx found but phase is Pending instead of Bound.&#xA;Jun 19 07:54:00.594: INFO: PersistentVolumeClaim pvc-zm8dx found but phase is Pending instead of Bound.&#xA;Jun 19 07:54:02.597: INFO: PersistentVolumeClaim pvc-zm8dx found but phase is Pending instead of Bound.&#xA;Jun 19 07:54:04.600: INFO: PersistentVolumeClaim pvc-zm8dx found but phase is Pending instead of Bound.&#xA;Jun 19 07:54:06.612: INFO: PersistentVolumeClaim pvc-zm8dx found but phase is Pending instead of Bound.&#xA;Jun 19 07:54:08.616: INFO: PersistentVolumeClaim pvc-zm8dx found but phase is Pending instead of Bound.&#xA;Jun 19 07:54:10.620: INFO: PersistentVolumeClaim pvc-zm8dx found but phase is Pending instead of Bound.&#xA;Jun 19 07:54:12.623: INFO: PersistentVolumeClaim pvc-zm8dx found but phase is Pending instead of Bound.&#xA;Jun 19 07:54:14.627: INFO: PersistentVolumeClaim pvc-zm8dx found but phase is Pending instead of Bound.&#xA;Jun 19 07:54:16.631: INFO: PersistentVolumeClaim pvc-zm8dx found but phase is Pending instead of Bound.&#xA;Jun 19 07:54:18.634: INFO: PersistentVolumeClaim pvc-zm8dx found but phase is Pending instead of Bound.&#xA;Jun 19 07:54:20.638: INFO: PersistentVolumeClaim pvc-zm8dx found but phase is Pending instead of Bound.&#xA;Jun 19 07:54:22.641: INFO: PersistentVolumeClaim pvc-zm8dx found but phase is Pending instead of Bound.&#xA;Jun 19 07:54:24.645: INFO: PersistentVolumeClaim pvc-zm8dx found but phase is Pending instead of Bound.&#xA;Jun 19 07:54:26.648: INFO: PersistentVolumeClaim pvc-zm8dx found but phase is Pending instead of Bound.&#xA;Jun 19 07:54:28.651: INFO: PersistentVolumeClaim pvc-zm8dx found but phase is Pending instead of Bound.&#xA;Jun 19 07:54:30.655: INFO: PersistentVolumeClaim pvc-zm8dx found but phase is Pending instead of Bound.&#xA;Jun 19 07:54:32.658: INFO: PersistentVolumeClaim pvc-zm8dx found but phase is Pending instead of Bound.&#xA;Jun 19 07:54:34.662: INFO: PersistentVolumeClaim pvc-zm8dx found but phase is Pending instead of Bound.&#xA;Jun 19 07:54:36.665: INFO: PersistentVolumeClaim pvc-zm8dx found but phase is Pending instead of Bound.&#xA;Jun 19 07:54:38.669: INFO: PersistentVolumeClaim pvc-zm8dx found but phase is Pending instead of Bound.&#xA;Jun 19 07:54:40.672: INFO: PersistentVolumeClaim pvc-zm8dx found but phase is Pending instead of Bound.&#xA;Jun 19 07:54:42.676: INFO: PersistentVolumeClaim pvc-zm8dx found but phase is Pending instead of Bound.&#xA;Jun 19 07:54:44.679: INFO: PersistentVolumeClaim pvc-zm8dx found but phase is Pending instead of Bound.&#xA;Jun 19 07:54:46.682: INFO: PersistentVolumeClaim pvc-zm8dx found but phase is Pending instead of Bound.&#xA;Jun 19 07:54:48.686: INFO: PersistentVolumeClaim pvc-zm8dx found but phase is Pending instead of Bound.&#xA;Jun 19 07:54:50.708: INFO: PersistentVolumeClaim pvc-zm8dx found but phase is Pending instead of Bound.&#xA;Jun 19 07:54:52.712: INFO: PersistentVolumeClaim pvc-zm8dx found but phase is Pending instead of Bound.&#xA;Jun 19 07:54:54.715: INFO: PersistentVolumeClaim pvc-zm8dx found but phase is Pending instead of Bound.&#xA;Jun 19 07:54:56.719: INFO: PersistentVolumeClaim pvc-zm8dx found but phase is Pending instead of Bound.&#xA;Jun 19 07:54:58.724: INFO: PersistentVolumeClaim pvc-zm8dx found but phase is Pending instead of Bound.&#xA;Jun 19 07:55:00.727: INFO: PersistentVolumeClaim pvc-zm8dx found but phase is Pending instead of Bound.&#xA;Jun 19 07:55:02.730: INFO: PersistentVolumeClaim pvc-zm8dx found but phase is Pending instead of Bound.&#xA;Jun 19 07:55:04.733: INFO: PersistentVolumeClaim pvc-zm8dx found but phase is Pending instead of Bound.&#xA;Jun 19 07:55:06.736: INFO: PersistentVolumeClaim pvc-zm8dx found but phase is Pending instead of Bound.&#xA;Jun 19 07:55:08.740: INFO: PersistentVolumeClaim pvc-zm8dx found but phase is Pending instead of Bound.&#xA;Jun 19 07:55:10.743: INFO: PersistentVolumeClaim pvc-zm8dx found but phase is Pending instead of Bound.&#xA;Jun 19 07:55:12.746: INFO: PersistentVolumeClaim pvc-zm8dx found but phase is Pending instead of Bound.&#xA;Jun 19 07:55:14.750: INFO: PersistentVolumeClaim pvc-zm8dx found but phase is Pending instead of Bound.&#xA;Jun 19 07:55:16.751: INFO: deleting claim &#34;e2e-tests-volume-provisioning-2t5mx&#34;/&#34;pvc-zm8dx&#34;&#xA;[AfterEach] [sig-storage] Dynamic Provisioning&#xA;  /home/t-xinhli/go/src/k8s.io/kubernetes/_output/local/go/src/k8s.io/kubernetes/test/e2e/framework/framework.go:142&#xA;�[1mSTEP�[0m: Collecting events from namespace &#34;e2e-tests-volume-provisioning-2t5mx&#34;.&#xA;�[1mSTEP�[0m: Found 1 events.&#xA;Jun 19 07:55:16.767: INFO: At 2018-06-19 07:50:15 +0000 UTC - event for pvc-zm8dx: {persistentvolume-controller } ProvisioningFailed: Failed to provision volume with StorageClass &#34;default&#34;: AzureDisk -  failed to get Azure Cloud Provider. GetCloudProvider returned &lt;nil&gt; instead&#xA;Jun 19 07:55:16.782: INFO: POD                                                         NODE                       PHASE      GRACE  CONDITIONS&#xA;Jun 19 07:55:16.782: INFO: pod-projected-secrets-1f6dc30e-7395-11e8-99bd-000d3a184d46  k8s-agentpool1-31296431-1  Succeeded         [{Initialized True 0001-01-01 00:00:00 +0000 UTC 2018-06-19 07:48:14 +0000 UTC PodCompleted } {Ready False 0001-01-01 00:00:00 +0000 UTC 2018-06-19 07:48:14 +0000 UTC PodCompleted } {PodScheduled True 0001-01-01 00:00:00 +0000 UTC 2018-06-19 07:48:14 +0000 UTC  }]&#xA;Jun 19 07:55:16.783: INFO: cloud-controller-manager-k8s-master-31296431-0              k8s-master-31296431-0      Running           [{Initialized True 0001-01-01 00:00:00 +0000 UTC 2018-06-13 02:56:50 +0000 UTC  } {Ready True 0001-01-01 00:00:00 +0000 UTC 2018-06-13 02:57:08 +0000 UTC  } {PodScheduled True 0001-01-01 00:00:00 +0000 UTC 2018-06-13 02:56:50 +0000 UTC  }]&#xA;Jun 19 07:55:16.783: INFO: heapster-6f7b9bdf-52ntm                                     k8s-agentpool1-31296431-0  Running           [{Initialized True 0001-01-01 00:00:00 +0000 UTC 2018-06-13 02:57:42 +0000 UTC  } {Ready True 0001-01-01 00:00:00 +0000 UTC 2018-06-13 02:58:03 +0000 UTC  } {PodScheduled True 0001-01-01 00:00:00 +0000 UTC 2018-06-13 02:57:42 +0000 UTC  }]&#xA;Jun 19 07:55:16.783: INFO: kube-addon-manager-k8s-master-31296431-0                    k8s-master-31296431-0      Running           [{Initialized True 0001-01-01 00:00:00 +0000 UTC 2018-06-13 02:56:50 +0000 UTC  } {Ready True 0001-01-01 00:00:00 +0000 UTC 2018-06-13 02:56:58 +0000 UTC  } {PodScheduled True 0001-01-01 00:00:00 +0000 UTC 2018-06-13 02:56:50 +0000 UTC  }]&#xA;Jun 19 07:55:16.783: INFO: kube-apiserver-k8s-master-31296431-0                        k8s-master-31296431-0      Running           [{Initialized True 0001-01-01 00:00:00 +0000 UTC 2018-06-13 02:56:50 +0000 UTC  } {Ready True 0001-01-01 00:00:00 +0000 UTC 2018-06-13 02:56:54 +0000 UTC  } {PodScheduled True 0001-01-01 00:00:00 +0000 UTC 2018-06-13 02:56:50 +0000 UTC  }]&#xA;Jun 19 07:55:16.783: INFO: kube-controller-manager-k8s-master-31296431-0               k8s-master-31296431-0      Running           [{Initialized True 0001-01-01 00:00:00 +0000 UTC 2018-06-13 02:56:50 +0000 UTC  } {Ready True 0001-01-01 00:00:00 +0000 UTC 2018-06-13 02:56:54 +0000 UTC  } {PodScheduled True 0001-01-01 00:00:00 +0000 UTC 2018-06-13 02:56:50 +0000 UTC  }]&#xA;Jun 19 07:55:16.783: INFO: kube-dns-v20-59b4f7dc55-67fbv                               k8s-agentpool1-31296431-0  Running           [{Initialized True 0001-01-01 00:00:00 +0000 UTC 2018-06-13 02:57:41 +0000 UTC  } {Ready True 0001-01-01 00:00:00 +0000 UTC 2018-06-13 02:58:22 +0000 UTC  } {PodScheduled True 0001-01-01 00:00:00 +0000 UTC 2018-06-13 02:57:41 +0000 UTC  }]&#xA;Jun 19 07:55:16.783: INFO: kube-dns-v20-59b4f7dc55-phwv9                               k8s-agentpool1-31296431-0  Running           [{Initialized True 0001-01-01 00:00:00 +0000 UTC 2018-06-13 02:57:41 +0000 UTC  } {Ready True 0001-01-01 00:00:00 +0000 UTC 2018-06-13 02:58:25 +0000 UTC  } {PodScheduled True 0001-01-01 00:00:00 +0000 UTC 2018-06-13 02:57:41 +0000 UTC  }]&#xA;Jun 19 07:55:16.783: INFO: kube-proxy-5976x                                            k8s-master-31296431-0      Running           [{Initialized True 0001-01-01 00:00:00 +0000 UTC 2018-06-13 02:57:26 +0000 UTC  } {Ready True 0001-01-01 00:00:00 +0000 UTC 2018-06-13 02:57:29 +0000 UTC  } {PodScheduled True 0001-01-01 00:00:00 +0000 UTC 2018-06-13 02:57:26 +0000 UTC  }]&#xA;Jun 19 07:55:16.783: INFO: kube-proxy-89kmg                                            k8s-agentpool1-31296431-0  Running           [{Initialized True 0001-01-01 00:00:00 +0000 UTC 2018-06-13 02:57:26 +0000 UTC  } {Ready True 0001-01-01 00:00:00 +0000 UTC 2018-06-13 02:57:31 +0000 UTC  } {PodScheduled True 0001-01-01 00:00:00 +0000 UTC 2018-06-13 02:57:26 +0000 UTC  }]&#xA;Jun 19 07:55:16.783: INFO: kube-proxy-fr77g                                            k8s-agentpool1-31296431-1  Running           [{Initialized True 0001-01-01 00:00:00 +0000 UTC 2018-06-13 02:57:26 +0000 UTC  } {Ready True 0001-01-01 00:00:00 +0000 UTC 2018-06-13 02:57:31 +0000 UTC  } {PodScheduled True 0001-01-01 00:00:00 +0000 UTC 2018-06-13 02:57:26 +0000 UTC  }]&#xA;Jun 19 07:55:16.783: INFO: kube-scheduler-k8s-master-31296431-0                        k8s-master-31296431-0      Running           [{Initialized True 0001-01-01 00:00:00 +0000 UTC 2018-06-13 02:56:50 +0000 UTC  } {Ready True 0001-01-01 00:00:00 +0000 UTC 2018-06-13 02:56:54 +0000 UTC  } {PodScheduled True 0001-01-01 00:00:00 +0000 UTC 2018-06-13 02:56:50 +0000 UTC  }]&#xA;Jun 19 07:55:16.783: INFO: kubernetes-dashboard-65c8bbc84b-tf6lc                       k8s-agentpool1-31296431-0  Running           [{Initialized True 0001-01-01 00:00:00 +0000 UTC 2018-06-13 02:57:42 +0000 UTC  } {Ready True 0001-01-01 00:00:00 +0000 UTC 2018-06-13 02:57:53 +0000 UTC  } {PodScheduled True 0001-01-01 00:00:00 +0000 UTC 2018-06-13 02:57:42 +0000 UTC  }]&#xA;Jun 19 07:55:16.784: INFO: metrics-server-5c74cf6d4f-h5mgt                             k8s-agentpool1-31296431-0  Running           [{Initialized True 0001-01-01 00:00:00 +0000 UTC 2018-06-13 02:57:41 +0000 UTC  } {Ready True 0001-01-01 00:00:00 +0000 UTC 2018-06-13 02:57:46 +0000 UTC  } {PodScheduled True 0001-01-01 00:00:00 +0000 UTC 2018-06-13 02:57:40 +0000 UTC  }]&#xA;Jun 19 07:55:16.784: INFO: tiller-deploy-d85ccb55c-pk2j4                               k8s-agentpool1-31296431-0  Running           [{Initialized True 0001-01-01 00:00:00 +0000 UTC 2018-06-13 02:57:42 +0000 UTC  } {Ready True 0001-01-01 00:00:00 +0000 UTC 2018-06-13 02:58:06 +0000 UTC  } {PodScheduled True 0001-01-01 00:00:00 +0000 UTC 2018-06-13 02:57:42 +0000 UTC  }]&#xA;Jun 19 07:55:16.784: INFO: &#xA;Jun 19 07:55:16.807: INFO: &#xA;Logging node info for node k8s-agentpool1-31296431-0&#xA;Jun 19 07:55:16.809: INFO: Node Info: &amp;Node{ObjectMeta:k8s_io_apimachinery_pkg_apis_meta_v1.ObjectMeta{Name:k8s-agentpool1-31296431-0,GenerateName:,Namespace:,SelfLink:/api/v1/nodes/k8s-agentpool1-31296431-0,UID:74eaa19b-6eb5-11e8-9654-000d3a134c0e,ResourceVersion:1061833,Generation:0,CreationTimestamp:2018-06-13 02:57:06 +0000 UTC,DeletionTimestamp:&lt;nil&gt;,DeletionGracePeriodSeconds:nil,Labels:map[string]string{agentpool: agentpool1,beta.kubernetes.io/arch: amd64,beta.kubernetes.io/instance-type: Standard_F2,beta.kubernetes.io/os: linux,failure-domain.beta.kubernetes.io/region: eastus,failure-domain.beta.kubernetes.io/zone: 0,kubernetes.azure.com/cluster: t-xinhli-new3,kubernetes.io/hostname: k8s-agentpool1-31296431-0,kubernetes.io/role: agent,storageprofile: managed,storagetier: Standard_LRS,},Annotations:map[string]string{node.alpha.kubernetes.io/ttl: 0,volumes.kubernetes.io/controller-managed-attach-detach: true,},OwnerReferences:[],Finalizers:[],ClusterName:,Initializers:nil,},Spec:NodeSpec{PodCIDR:10.244.1.0/24,DoNotUse_ExternalID:,ProviderID:azure:///subscriptions/c4528d9e-c99a-48bb-b12d-fde2176a43b8/resourceGroups/t-xinhli-new3/providers/Microsoft.Compute/virtualMachines/k8s-agentpool1-31296431-0,Unschedulable:false,Taints:[],ConfigSource:nil,},Status:NodeStatus{Capacity:ResourceList{cpu: {{2 0} {&lt;nil&gt;} 2 DecimalSI},ephemeral-storage: {{31158935552 0} {&lt;nil&gt;}  BinarySI},hugepages-1Gi: {{0 0} {&lt;nil&gt;} 0 DecimalSI},hugepages-2Mi: {{0 0} {&lt;nil&gt;} 0 DecimalSI},memory: {{4114132992 0} {&lt;nil&gt;} 4017708Ki BinarySI},pods: {{110 0} {&lt;nil&gt;} 110 DecimalSI},},Allocatable:ResourceList{cpu: {{2 0} {&lt;nil&gt;} 2 DecimalSI},ephemeral-storage: {{28043041951 0} {&lt;nil&gt;} 28043041951 DecimalSI},hugepages-1Gi: {{0 0} {&lt;nil&gt;} 0 DecimalSI},hugepages-2Mi: {{0 0} {&lt;nil&gt;} 0 DecimalSI},memory: {{4009275392 0} {&lt;nil&gt;} 3915308Ki BinarySI},pods: {{110 0} {&lt;nil&gt;} 110 DecimalSI},},Phase:,Conditions:[{NetworkUnavailable False 2018-06-13 02:58:57 +0000 UTC 2018-06-13 02:58:57 +0000 UTC RouteCreated RouteController created a route} {OutOfDisk False 2018-06-19 07:55:16 +0000 UTC 2018-06-13 02:57:05 +0000 UTC KubeletHasSufficientDisk kubelet has sufficient disk space available} {MemoryPressure False 2018-06-19 07:55:16 +0000 UTC 2018-06-13 02:57:05 +0000 UTC KubeletHasSufficientMemory kubelet has sufficient memory available} {DiskPressure False 2018-06-19 07:55:16 +0000 UTC 2018-06-13 02:57:05 +0000 UTC KubeletHasNoDiskPressure kubelet has no disk pressure} {PIDPressure False 2018-06-19 07:55:16 +0000 UTC 2018-06-13 02:57:05 +0000 UTC KubeletHasSufficientPID kubelet has sufficient PID available} {Ready True 2018-06-19 07:55:16 +0000 UTC 2018-06-13 02:57:36 +0000 UTC KubeletReady kubelet is posting ready status. AppArmor enabled}],Addresses:[{InternalIP 10.240.0.5} {Hostname k8s-agentpool1-31296431-0}],DaemonEndpoints:NodeDaemonEndpoints{KubeletEndpoint:DaemonEndpoint{Port:10250,},},NodeInfo:NodeSystemInfo{MachineID:79fe54da919d45ff9e81f9bf6ebd36fb,SystemUUID:24B4B64B-ECDB-7144-A474-9331C73E23DF,BootID:3b74ef78-7064-4109-a243-e752fa302910,KernelVersion:4.13.0-1018-azure,OSImage:Ubuntu 16.04.4 LTS,ContainerRuntimeVersion:docker://1.13.1,KubeletVersion:v1.12.0-alpha.0,KubeProxyVersion:v1.12.0-alpha.0,OperatingSystem:linux,Architecture:amd64,},Images:[{[gcrio.azureedge.net/google_containers/hyperkube-amd64@sha256:b92fc22f40fa4bf5d72ddd6e82ffd5d5a98ac9201eeb086843899f3a9fbf3eee gcrio.azureedge.net/google_containers/hyperkube-amd64:v1.12.0-alpha.0] 619581352} {[gcr.io/google-samples/gb-frontend-amd64@sha256:7a970e9aefef212969098b766d3999f99803dd3665701bdb04149442d28bb8d9 gcr.io/google-samples/gb-frontend-amd64:v5] 405392212} {[gcr.io/kubernetes-e2e-test-images/jessie-dnsutils-amd64@sha256:b7fb726f862504ca6afcc512abf30456cbf4fbd6b4589af46d2c1d27cb89acf0 gcr.io/kubernetes-e2e-test-images/jessie-dnsutils-amd64:1.0] 189192551} {[k8s.gcr.io/nginx-slim-amd64@sha256:6654db6d4028756062edac466454ee5c9cf9b20ef79e35a81e3c840031eb1e2b k8s.gcr.io/nginx-slim-amd64:0.20] 103591055} {[k8s-gcrio.azureedge.net/kubernetes-dashboard-amd64@sha256:dc4026c1b595435ef5527ca598e1e9c4343076926d7d62b365c44831395adbd0 k8s-gcrio.azureedge.net/kubernetes-dashboard-amd64:v1.8.3] 102319441} {[gcr.io/google-samples/gb-redisslave-amd64@sha256:1617b771628664299f4ca1edc7f7ffd05287b56c95d2efede8f0ae10949ebd55 gcr.io/google-samples/gb-redisslave-amd64:v2] 98945667} {[k8s.gcr.io/nginx-slim-amd64@sha256:8ca6a9ecef3b2ef02f6e0c3d449235d9c53d532f420cc0a29a6a133aa88df256 k8s.gcr.io/nginx-slim-amd64:0.21] 95339966} {[k8s-gcrio.azureedge.net/heapster-amd64@sha256:d4d10455d921802bdb004e7edfe423a2b2f88911319b48abf47e0af909f27f15 k8s-gcrio.azureedge.net/heapster-amd64:v1.5.1] 75318380} {[gcrio.azureedge.net/kubernetes-helm/tiller@sha256:394fb7d5f2fbaca54f6a0dec387cef926f6ae359786c89f7da67db173b97a322 gcrio.azureedge.net/kubernetes-helm/tiller:v2.8.1] 71509364} {[k8s-gcrio.azureedge.net/k8s-dns-kube-dns-amd64@sha256:6d8e0da4fb46e9ea2034a3f4cab0e095618a2ead78720c12e791342738e5f85d k8s-gcrio.azureedge.net/k8s-dns-kube-dns-amd64:1.14.8] 50456751} {[k8s-gcrio.azureedge.net/metrics-server-amd64@sha256:49a9f12f7067d11f42c803dbe61ed2c1299959ad85cb315b25ff7eef8e6b8892 k8s-gcrio.azureedge.net/metrics-server-amd64:v0.2.1] 42541759} {[k8s-gcrio.azureedge.net/k8s-dns-dnsmasq-nanny-amd64@sha256:93c827f018cf3322f1ff2aa80324a0306048b0a69bc274e423071fb0d2d29d8b k8s-gcrio.azureedge.net/k8s-dns-dnsmasq-nanny-amd64:1.14.8] 40951779} {[k8s-gcrio.azureedge.net/addon-resizer@sha256:507aa9845ecce1fdde4d61f530c802f4dc2974c700ce0db7730866e442db958d k8s-gcrio.azureedge.net/addon-resizer:1.8.1] 32968591} {[gcr.io/kubernetes-e2e-test-images/dnsutils-amd64@sha256:9e1873dbe19894688dc3d129994c952891d43794df2480217f899bf92732d35f gcr.io/kubernetes-e2e-test-images/dnsutils-amd64:1.0] 8871636} {[k8s-gcrio.azureedge.net/exechealthz-amd64@sha256:503e158c3f65ed7399f54010571c7c977ade7fe59010695f48d9650d83488c0a k8s-gcrio.azureedge.net/exechealthz-amd64:1.2] 8374840} {[gcr.io/kubernetes-e2e-test-images/netexec-amd64@sha256:2edfad424a541b9e024f26368d3a5b7dcc1d7cd27a4ee8c1d8c3f81d9209ab2e gcr.io/kubernetes-e2e-test-images/netexec-amd64:1.0] 6227659} {[gcr.io/kubernetes-e2e-test-images/redis-amd64@sha256:3e01bcaf67cb9b5c9fa7f57ba92539c8962d59c9647b91e9ec5047a89e2bc49a gcr.io/kubernetes-e2e-test-images/redis-amd64:1.0] 5850779} {[gcr.io/kubernetes-e2e-test-images/serve-hostname-amd64@sha256:2dd4032e98a0450d95a0ac71a5e465f542a900812d8c41bc6ca635aed1a5fc91 gcr.io/kubernetes-e2e-test-images/serve-hostname-amd64:1.0] 5470001} {[gcr.io/kubernetes-e2e-test-images/nautilus-amd64@sha256:a4e859e40750d0e1a94470445bea3bc0ba4edc7363863a0be7a3714336040daa gcr.io/kubernetes-e2e-test-images/nautilus-amd64:1.0] 4415165} {[gcr.io/kubernetes-e2e-test-images/kitten-amd64@sha256:36e05bc3dfe1cd0f2d2d119f47fbb6e1c75037b291073012d57fbf28af3de3d7 gcr.io/kubernetes-e2e-test-images/kitten-amd64:1.0] 4408701} {[gcr.io/kubernetes-e2e-test-images/test-webserver-amd64@sha256:cd237408ae94e22c4f5c6d7c6f56708341db6c428180fe1fe011c17bf9d03c50 gcr.io/kubernetes-e2e-test-images/test-webserver-amd64:1.0] 4393904} {[gcr.io/kubernetes-e2e-test-images/liveness-amd64@sha256:5f89fb4e972426ae8d1d60dcf041f631f4d79922f50cc7ecbac2a8d1ed66edae gcr.io/kubernetes-e2e-test-images/liveness-amd64:1.0] 4279645} {[gcr.io/kubernetes-e2e-test-images/mounttest-amd64@sha256:dc4e2dcfbde16249c4662de673295d00778577bc2e2ca7013a1b85d4f47398ca gcr.io/kubernetes-e2e-test-images/mounttest-amd64:1.0] 1450451} {[gcr.io/kubernetes-e2e-test-images/mounttest-user-amd64@sha256:dda6519a95c934b46731a6b1492fed1b48ccc6d4aed4b754a46d7de8063a3e2b gcr.io/kubernetes-e2e-test-images/mounttest-user-amd64:1.0] 1450451} {[busybox@sha256:141c253bc4c3fd0a201d32dc1f493bcf3fff003b6df416dea4f41046e0f37d47 busybox:latest] 1146369} {[k8s-gcrio.azureedge.net/pause-amd64@sha256:59eec8837a4d942cc19a52b8c09ea75121acc38114a2c68b98983ce9356b8610 k8s.gcr.io/pause@sha256:f78411e19d84a252e53bff71a4407a5686c46983a2c2eeed83929b888179acea k8s-gcrio.azureedge.net/pause-amd64:3.1 k8s.gcr.io/pause:3.1] 742472}],VolumesInUse:[],VolumesAttached:[],Config:nil,},}&#xA;Jun 19 07:55:16.810: INFO: &#xA;Logging kubelet events for node k8s-agentpool1-31296431-0&#xA;Jun 19 07:55:16.813: INFO: &#xA;Logging pods the kubelet thinks is on node k8s-agentpool1-31296431-0&#xA;Jun 19 07:55:16.919: INFO: kube-proxy-89kmg started at 2018-06-13 02:57:26 +0000 UTC (0+1 container statuses recorded)&#xA;Jun 19 07:55:16.919: INFO: &#x9;Container kube-proxy ready: true, restart count 0&#xA;Jun 19 07:55:16.919: INFO: kube-dns-v20-59b4f7dc55-67fbv started at 2018-06-13 02:57:41 +0000 UTC (0+3 container statuses recorded)&#xA;Jun 19 07:55:16.919: INFO: &#x9;Container dnsmasq ready: true, restart count 0&#xA;Jun 19 07:55:16.919: INFO: &#x9;Container healthz ready: true, restart count 0&#xA;Jun 19 07:55:16.919: INFO: &#x9;Container kubedns ready: true, restart count 0&#xA;Jun 19 07:55:16.920: INFO: kubernetes-dashboard-65c8bbc84b-tf6lc started at 2018-06-13 02:57:42 +0000 UTC (0+1 container statuses recorded)&#xA;Jun 19 07:55:16.920: INFO: &#x9;Container kubernetes-dashboard ready: true, restart count 0&#xA;Jun 19 07:55:16.920: INFO: tiller-deploy-d85ccb55c-pk2j4 started at 2018-06-13 02:57:42 +0000 UTC (0+1 container statuses recorded)&#xA;Jun 19 07:55:16.920: INFO: &#x9;Container tiller ready: true, restart count 0&#xA;Jun 19 07:55:16.920: INFO: kube-dns-v20-59b4f7dc55-phwv9 started at 2018-06-13 02:57:41 +0000 UTC (0+3 container statuses recorded)&#xA;Jun 19 07:55:16.920: INFO: &#x9;Container dnsmasq ready: true, restart count 0&#xA;Jun 19 07:55:16.920: INFO: &#x9;Container healthz ready: true, restart count 0&#xA;Jun 19 07:55:16.920: INFO: &#x9;Container kubedns ready: true, restart count 0&#xA;Jun 19 07:55:16.920: INFO: heapster-6f7b9bdf-52ntm started at 2018-06-13 02:57:42 +0000 UTC (0+2 container statuses recorded)&#xA;Jun 19 07:55:16.920: INFO: &#x9;Container heapster ready: true, restart count 0&#xA;Jun 19 07:55:16.920: INFO: &#x9;Container heapster-nanny ready: true, restart count 0&#xA;Jun 19 07:55:16.920: INFO: metrics-server-5c74cf6d4f-h5mgt started at 2018-06-13 02:57:41 +0000 UTC (0+1 container statuses recorded)&#xA;Jun 19 07:55:16.920: INFO: &#x9;Container metrics-server ready: true, restart count 0&#xA;Jun 19 07:55:16.974: INFO: &#xA;Latency metrics for node k8s-agentpool1-31296431-0&#xA;Jun 19 07:55:16.974: INFO: &#xA;Logging node info for node k8s-agentpool1-31296431-1&#xA;Jun 19 07:55:16.989: INFO: Node Info: &amp;Node{ObjectMeta:k8s_io_apimachinery_pkg_apis_meta_v1.ObjectMeta{Name:k8s-agentpool1-31296431-1,GenerateName:,Namespace:,SelfLink:/api/v1/nodes/k8s-agentpool1-31296431-1,UID:7879044f-6eb5-11e8-9654-000d3a134c0e,ResourceVersion:1061823,Generation:0,CreationTimestamp:2018-06-13 02:57:12 +0000 UTC,DeletionTimestamp:&lt;nil&gt;,DeletionGracePeriodSeconds:nil,Labels:map[string]string{agentpool: agentpool1,beta.kubernetes.io/arch: amd64,beta.kubernetes.io/instance-type: Standard_F2,beta.kubernetes.io/os: linux,failure-domain.beta.kubernetes.io/region: eastus,failure-domain.beta.kubernetes.io/zone: 1,kubernetes.azure.com/cluster: t-xinhli-new3,kubernetes.io/hostname: k8s-agentpool1-31296431-1,kubernetes.io/role: agent,storageprofile: managed,storagetier: Standard_LRS,},Annotations:map[string]string{node.alpha.kubernetes.io/ttl: 0,volumes.kubernetes.io/controller-managed-attach-detach: true,},OwnerReferences:[],Finalizers:[],ClusterName:,Initializers:nil,},Spec:NodeSpec{PodCIDR:10.244.2.0/24,DoNotUse_ExternalID:,ProviderID:azure:///subscriptions/c4528d9e-c99a-48bb-b12d-fde2176a43b8/resourceGroups/t-xinhli-new3/providers/Microsoft.Compute/virtualMachines/k8s-agentpool1-31296431-1,Unschedulable:false,Taints:[],ConfigSource:nil,},Status:NodeStatus{Capacity:ResourceList{cpu: {{2 0} {&lt;nil&gt;} 2 DecimalSI},ephemeral-storage: {{31158935552 0} {&lt;nil&gt;}  BinarySI},hugepages-1Gi: {{0 0} {&lt;nil&gt;} 0 DecimalSI},hugepages-2Mi: {{0 0} {&lt;nil&gt;} 0 DecimalSI},memory: {{4114132992 0} {&lt;nil&gt;} 4017708Ki BinarySI},pods: {{110 0} {&lt;nil&gt;} 110 DecimalSI},},Allocatable:ResourceList{cpu: {{2 0} {&lt;nil&gt;} 2 DecimalSI},ephemeral-storage: {{28043041951 0} {&lt;nil&gt;} 28043041951 DecimalSI},hugepages-1Gi: {{0 0} {&lt;nil&gt;} 0 DecimalSI},hugepages-2Mi: {{0 0} {&lt;nil&gt;} 0 DecimalSI},memory: {{4009275392 0} {&lt;nil&gt;} 3915308Ki BinarySI},pods: {{110 0} {&lt;nil&gt;} 110 DecimalSI},},Phase:,Conditions:[{NetworkUnavailable False 2018-06-13 02:58:57 +0000 UTC 2018-06-13 02:58:57 +0000 UTC RouteCreated RouteController created a route} {OutOfDisk False 2018-06-19 07:55:11 +0000 UTC 2018-06-13 02:57:12 +0000 UTC KubeletHasSufficientDisk kubelet has sufficient disk space available} {MemoryPressure False 2018-06-19 07:55:11 +0000 UTC 2018-06-13 02:57:12 +0000 UTC KubeletHasSufficientMemory kubelet has sufficient memory available} {DiskPressure False 2018-06-19 07:55:11 +0000 UTC 2018-06-13 02:57:12 +0000 UTC KubeletHasNoDiskPressure kubelet has no disk pressure} {PIDPressure False 2018-06-19 07:55:11 +0000 UTC 2018-06-13 02:57:12 +0000 UTC KubeletHasSufficientPID kubelet has sufficient PID available} {Ready True 2018-06-19 07:55:11 +0000 UTC 2018-06-13 02:57:42 +0000 UTC KubeletReady kubelet is posting ready status. AppArmor enabled}],Addresses:[{InternalIP 10.240.0.4} {Hostname k8s-agentpool1-31296431-1}],DaemonEndpoints:NodeDaemonEndpoints{KubeletEndpoint:DaemonEndpoint{Port:10250,},},NodeInfo:NodeSystemInfo{MachineID:61830f4d09b34235983a7fcd5f6f65d7,SystemUUID:08BFB559-3D6E-1842-B07C-D04E1987CF9D,BootID:0a8fe774-fb14-491c-9538-7f647358d372,KernelVersion:4.13.0-1018-azure,OSImage:Ubuntu 16.04.4 LTS,ContainerRuntimeVersion:docker://1.13.1,KubeletVersion:v1.12.0-alpha.0,KubeProxyVersion:v1.12.0-alpha.0,OperatingSystem:linux,Architecture:amd64,},Images:[{[gcrio.azureedge.net/google_containers/hyperkube-amd64@sha256:b92fc22f40fa4bf5d72ddd6e82ffd5d5a98ac9201eeb086843899f3a9fbf3eee gcrio.azureedge.net/google_containers/hyperkube-amd64:v1.12.0-alpha.0] 619581352} {[gcr.io/google-samples/gb-frontend-amd64@sha256:7a970e9aefef212969098b766d3999f99803dd3665701bdb04149442d28bb8d9 gcr.io/google-samples/gb-frontend-amd64:v5] 405392212} {[k8s.gcr.io/nginx-slim-amd64@sha256:6654db6d4028756062edac466454ee5c9cf9b20ef79e35a81e3c840031eb1e2b k8s.gcr.io/nginx-slim-amd64:0.20] 103591055} {[gcr.io/google-samples/gb-redisslave-amd64@sha256:1617b771628664299f4ca1edc7f7ffd05287b56c95d2efede8f0ae10949ebd55 gcr.io/google-samples/gb-redisslave-amd64:v2] 98945667} {[k8s.gcr.io/nginx-slim-amd64@sha256:8ca6a9ecef3b2ef02f6e0c3d449235d9c53d532f420cc0a29a6a133aa88df256 k8s.gcr.io/nginx-slim-amd64:0.21] 95339966} {[gcr.io/kubernetes-e2e-test-images/nettest-amd64@sha256:ff598458029b42e23b823a3a690c07e1f6921627f3fc49d007033494eca13141 gcr.io/kubernetes-e2e-test-images/nettest-amd64:1.0] 30381916} {[gcr.io/kubernetes-e2e-test-images/hostexec-amd64@sha256:bdaecec5adfa7c79e9525c0992fdab36c2d68066f5e91eff0d1d9e8d73c654ea gcr.io/kubernetes-e2e-test-images/hostexec-amd64:1.1] 8407119} {[gcr.io/kubernetes-e2e-test-images/netexec-amd64@sha256:2edfad424a541b9e024f26368d3a5b7dcc1d7cd27a4ee8c1d8c3f81d9209ab2e gcr.io/kubernetes-e2e-test-images/netexec-amd64:1.0] 6227659} {[gcr.io/kubernetes-e2e-test-images/redis-amd64@sha256:3e01bcaf67cb9b5c9fa7f57ba92539c8962d59c9647b91e9ec5047a89e2bc49a gcr.io/kubernetes-e2e-test-images/redis-amd64:1.0] 5850779} {[gcr.io/kubernetes-e2e-test-images/serve-hostname-amd64@sha256:2dd4032e98a0450d95a0ac71a5e465f542a900812d8c41bc6ca635aed1a5fc91 gcr.io/kubernetes-e2e-test-images/serve-hostname-amd64:1.0] 5470001} {[gcr.io/kubernetes-e2e-test-images/nautilus-amd64@sha256:a4e859e40750d0e1a94470445bea3bc0ba4edc7363863a0be7a3714336040daa gcr.io/kubernetes-e2e-test-images/nautilus-amd64:1.0] 4415165} {[gcr.io/kubernetes-e2e-test-images/kitten-amd64@sha256:36e05bc3dfe1cd0f2d2d119f47fbb6e1c75037b291073012d57fbf28af3de3d7 gcr.io/kubernetes-e2e-test-images/kitten-amd64:1.0] 4408701} {[gcr.io/kubernetes-e2e-test-images/porter-amd64@sha256:b5923cab026ae1a96325823e10254c9beda240126355a20ca64b59445ec631bb gcr.io/kubernetes-e2e-test-images/porter-amd64:1.0] 4400998} {[gcr.io/kubernetes-e2e-test-images/test-webserver-amd64@sha256:cd237408ae94e22c4f5c6d7c6f56708341db6c428180fe1fe011c17bf9d03c50 gcr.io/kubernetes-e2e-test-images/test-webserver-amd64:1.0] 4393904} {[gcr.io/kubernetes-e2e-test-images/liveness-amd64@sha256:5f89fb4e972426ae8d1d60dcf041f631f4d79922f50cc7ecbac2a8d1ed66edae gcr.io/kubernetes-e2e-test-images/liveness-amd64:1.0] 4279645} {[gcr.io/kubernetes-e2e-test-images/entrypoint-tester-amd64@sha256:ed08ffff86b0a2016fa650ff76ea4b85fc3dfcab30ee4b7bd47d514ab765da89 gcr.io/kubernetes-e2e-test-images/entrypoint-tester-amd64:1.0] 2276578} {[gcr.io/kubernetes-e2e-test-images/mounttest-user-amd64@sha256:dda6519a95c934b46731a6b1492fed1b48ccc6d4aed4b754a46d7de8063a3e2b gcr.io/kubernetes-e2e-test-images/mounttest-user-amd64:1.0] 1450451} {[gcr.io/kubernetes-e2e-test-images/mounttest-amd64@sha256:dc4e2dcfbde16249c4662de673295d00778577bc2e2ca7013a1b85d4f47398ca gcr.io/kubernetes-e2e-test-images/mounttest-amd64:1.0] 1450451} {[busybox@sha256:141c253bc4c3fd0a201d32dc1f493bcf3fff003b6df416dea4f41046e0f37d47 busybox:latest] 1146369} {[k8s-gcrio.azureedge.net/pause-amd64@sha256:59eec8837a4d942cc19a52b8c09ea75121acc38114a2c68b98983ce9356b8610 k8s.gcr.io/pause@sha256:f78411e19d84a252e53bff71a4407a5686c46983a2c2eeed83929b888179acea k8s-gcrio.azureedge.net/pause-amd64:3.1 k8s.gcr.io/pause:3.1] 742472}],VolumesInUse:[],VolumesAttached:[],Config:nil,},}&#xA;Jun 19 07:55:16.989: INFO: &#xA;Logging kubelet events for node k8s-agentpool1-31296431-1&#xA;Jun 19 07:55:17.002: INFO: &#xA;Logging pods the kubelet thinks is on node k8s-agentpool1-31296431-1&#xA;Jun 19 07:55:17.010: INFO: kube-proxy-fr77g started at 2018-06-13 02:57:26 +0000 UTC (0+1 container statuses recorded)&#xA;Jun 19 07:55:17.011: INFO: &#x9;Container kube-proxy ready: true, restart count 0&#xA;Jun 19 07:55:17.011: INFO: pod-projected-secrets-1f6dc30e-7395-11e8-99bd-000d3a184d46 started at 2018-06-19 07:48:14 +0000 UTC (0+1 container statuses recorded)&#xA;Jun 19 07:55:17.011: INFO: &#x9;Container projected-secret-volume-test ready: false, restart count 0&#xA;Jun 19 07:55:17.043: INFO: &#xA;Latency metrics for node k8s-agentpool1-31296431-1&#xA;Jun 19 07:55:17.043: INFO: &#xA;Logging node info for node k8s-master-31296431-0&#xA;Jun 19 07:55:17.046: INFO: Node Info: &amp;Node{ObjectMeta:k8s_io_apimachinery_pkg_apis_meta_v1.ObjectMeta{Name:k8s-master-31296431-0,GenerateName:,Namespace:,SelfLink:/api/v1/nodes/k8s-master-31296431-0,UID:74e2fb02-6eb5-11e8-9654-000d3a134c0e,ResourceVersion:1061826,Generation:0,CreationTimestamp:2018-06-13 02:57:06 +0000 UTC,DeletionTimestamp:&lt;nil&gt;,DeletionGracePeriodSeconds:nil,Labels:map[string]string{beta.kubernetes.io/arch: amd64,beta.kubernetes.io/instance-type: Standard_F2,beta.kubernetes.io/os: linux,failure-domain.beta.kubernetes.io/region: eastus,failure-domain.beta.kubernetes.io/zone: 0,kubernetes.azure.com/cluster: t-xinhli-new3,kubernetes.io/hostname: k8s-master-31296431-0,kubernetes.io/role: master,},Annotations:map[string]string{node.alpha.kubernetes.io/ttl: 0,volumes.kubernetes.io/controller-managed-attach-detach: true,},OwnerReferences:[],Finalizers:[],ClusterName:,Initializers:nil,},Spec:NodeSpec{PodCIDR:10.244.0.0/24,DoNotUse_ExternalID:,ProviderID:azure:///subscriptions/c4528d9e-c99a-48bb-b12d-fde2176a43b8/resourceGroups/t-xinhli-new3/providers/Microsoft.Compute/virtualMachines/k8s-master-31296431-0,Unschedulable:false,Taints:[{node-role.kubernetes.io/master true NoSchedule &lt;nil&gt;}],ConfigSource:nil,},Status:NodeStatus{Capacity:ResourceList{cpu: {{2 0} {&lt;nil&gt;} 2 DecimalSI},ephemeral-storage: {{31158935552 0} {&lt;nil&gt;}  BinarySI},hugepages-1Gi: {{0 0} {&lt;nil&gt;} 0 DecimalSI},hugepages-2Mi: {{0 0} {&lt;nil&gt;} 0 DecimalSI},memory: {{4114132992 0} {&lt;nil&gt;} 4017708Ki BinarySI},pods: {{110 0} {&lt;nil&gt;} 110 DecimalSI},},Allocatable:ResourceList{cpu: {{2 0} {&lt;nil&gt;} 2 DecimalSI},ephemeral-storage: {{28043041951 0} {&lt;nil&gt;} 28043041951 DecimalSI},hugepages-1Gi: {{0 0} {&lt;nil&gt;} 0 DecimalSI},hugepages-2Mi: {{0 0} {&lt;nil&gt;} 0 DecimalSI},memory: {{4009275392 0} {&lt;nil&gt;} 3915308Ki BinarySI},pods: {{110 0} {&lt;nil&gt;} 110 DecimalSI},},Phase:,Conditions:[{NetworkUnavailable False 2018-06-13 02:59:10 +0000 UTC 2018-06-13 02:59:10 +0000 UTC RouteCreated RouteController created a route} {OutOfDisk False 2018-06-19 07:55:13 +0000 UTC 2018-06-13 02:56:57 +0000 UTC KubeletHasSufficientDisk kubelet has sufficient disk space available} {MemoryPressure False 2018-06-19 07:55:13 +0000 UTC 2018-06-13 02:56:57 +0000 UTC KubeletHasSufficientMemory kubelet has sufficient memory available} {DiskPressure False 2018-06-19 07:55:13 +0000 UTC 2018-06-13 02:56:57 +0000 UTC KubeletHasNoDiskPressure kubelet has no disk pressure} {PIDPressure False 2018-06-19 07:55:13 +0000 UTC 2018-06-13 02:56:57 +0000 UTC KubeletHasSufficientPID kubelet has sufficient PID available} {Ready True 2018-06-19 07:55:13 +0000 UTC 2018-06-13 02:57:36 +0000 UTC KubeletReady kubelet is posting ready status. AppArmor enabled}],Addresses:[{InternalIP 10.240.255.5} {Hostname k8s-master-31296431-0}],DaemonEndpoints:NodeDaemonEndpoints{KubeletEndpoint:DaemonEndpoint{Port:10250,},},NodeInfo:NodeSystemInfo{MachineID:55cfce2841774bb4acf59a2b85bb2c17,SystemUUID:5E9AA3FE-6AB1-FF4E-8B54-9A53FE5E1C1C,BootID:ab62f162-195c-4fcc-87c7-9dd1fbb45e4b,KernelVersion:4.13.0-1018-azure,OSImage:Ubuntu 16.04.4 LTS,ContainerRuntimeVersion:docker://1.13.1,KubeletVersion:v1.12.0-alpha.0,KubeProxyVersion:v1.12.0-alpha.0,OperatingSystem:linux,Architecture:amd64,},Images:[{[gcrio.azureedge.net/google_containers/hyperkube-amd64@sha256:b92fc22f40fa4bf5d72ddd6e82ffd5d5a98ac9201eeb086843899f3a9fbf3eee gcrio.azureedge.net/google_containers/hyperkube-amd64:v1.12.0-alpha.0] 619581352} {[fseldow/azure-cloud-controller-manager@sha256:8e41588ea607b1104fd0d785a17f9694410710c09419a455b91da8053985d7df fseldow/azure-cloud-controller-manager:e065e27] 168173406} {[k8s-gcrio.azureedge.net/kube-addon-manager-amd64@sha256:3519273916ba45cfc9b318448d4629819cb5fbccbb0822cce054dd8c1f68cb60 k8s-gcrio.azureedge.net/kube-addon-manager-amd64:v8.6] 78384272} {[k8s-gcrio.azureedge.net/pause-amd64@sha256:59eec8837a4d942cc19a52b8c09ea75121acc38114a2c68b98983ce9356b8610 k8s-gcrio.azureedge.net/pause-amd64:3.1] 742472}],VolumesInUse:[],VolumesAttached:[],Config:nil,},}&#xA;Jun 19 07:55:17.046: INFO: &#xA;Logging kubelet events for node k8s-master-31296431-0&#xA;Jun 19 07:55:17.049: INFO: &#xA;Logging pods the kubelet thinks is on node k8s-master-31296431-0&#xA;Jun 19 07:55:17.978: INFO: kube-addon-manager-k8s-master-31296431-0 started at &lt;nil&gt; (0+0 container statuses recorded)&#xA;Jun 19 07:55:17.978: INFO: kube-apiserver-k8s-master-31296431-0 started at &lt;nil&gt; (0+0 container statuses recorded)&#xA;Jun 19 07:55:17.978: INFO: kube-controller-manager-k8s-master-31296431-0 started at &lt;nil&gt; (0+0 container statuses recorded)&#xA;Jun 19 07:55:17.978: INFO: kube-proxy-5976x started at 2018-06-13 02:57:26 +0000 UTC (0+1 container statuses recorded)&#xA;Jun 19 07:55:17.978: INFO: &#x9;Container kube-proxy ready: true, restart count 0&#xA;Jun 19 07:55:17.978: INFO: kube-scheduler-k8s-master-31296431-0 started at &lt;nil&gt; (0+0 container statuses recorded)&#xA;Jun 19 07:55:17.979: INFO: cloud-controller-manager-k8s-master-31296431-0 started at &lt;nil&gt; (0+0 container statuses recorded)&#xA;Jun 19 07:55:18.244: INFO: &#xA;Latency metrics for node k8s-master-31296431-0&#xA;�[1mSTEP�[0m: Dumping a list of prepulled images on each node to file /home/t-xinhli/new-provider/cloud-provider-azure/t-xinhli-new3/report/image-puller.txt&#xA;Jun 19 07:55:18.248: INFO: Waiting up to 3m0s for all (but 0) nodes to be ready&#xA;Jun 19 07:55:18.251: INFO: Found DeleteNamespaceOnFailure=false and current test failed, skipping namespace deletion!&#xA;</system-out>
      </testcase>
      <testcase name="[sig-storage] Pod Disks schedule a pod w/ RW PD(s) mounted to 1 or more containers, write to PD, verify content, delete pod, and repeat in rapid succession [Slow] using 1 containers and 2 PDs" classname="Kubernetes e2e suite" time="0">
          <skipped></skipped>
      </testcase>
      <testcase name="[sig-storage] Downward API volume should provide container&#39;s cpu request [NodeConformance] [Conformance]" classname="Kubernetes e2e suite" time="0">
          <skipped></skipped>
      </testcase>
      <testcase name="[sig-network] Services should serve a basic endpoint from pods  [Conformance]" classname="Kubernetes e2e suite" time="0">
          <skipped></skipped>
      </testcase>
      <testcase name="[k8s.io] [sig-node] Security Context [Feature:SecurityContext] should support volume SELinux relabeling when using hostIPC" classname="Kubernetes e2e suite" time="0">
          <skipped></skipped>
      </testcase>
      <testcase name="[sig-apps] CronJob should schedule multiple jobs concurrently" classname="Kubernetes e2e suite" time="0">
          <skipped></skipped>
      </testcase>
      <testcase name="[sig-api-machinery] Watchers should be able to restart watching from the last resource version observed by the previous watch [Conformance]" classname="Kubernetes e2e suite" time="0">
          <skipped></skipped>
      </testcase>
      <testcase name="[k8s.io] [sig-node] Pods Extended [k8s.io] Delete Grace Period should be submitted and removed  [Flaky] [Conformance]" classname="Kubernetes e2e suite" time="0">
          <skipped></skipped>
      </testcase>
      <testcase name="[sig-cli] Kubectl client [k8s.io] Kubectl run deployment should create a deployment from an image  [Conformance]" classname="Kubernetes e2e suite" time="0">
          <skipped></skipped>
      </testcase>
      <testcase name="[sig-autoscaling] [HPA] Horizontal pod autoscaling (scale resource: Custom Metrics from Stackdriver) should scale up with two metrics of type Pod from Stackdriver [Feature:CustomMetricsAutoscaling]" classname="Kubernetes e2e suite" time="0">
          <skipped></skipped>
      </testcase>
      <testcase name="[sig-storage] Subpath [Volume type: hostPathSymlink] should unmount if pod is gracefully deleted while kubelet is down [Disruptive][Slow]" classname="Kubernetes e2e suite" time="0">
          <skipped></skipped>
      </testcase>
      <testcase name="[sig-storage] PersistentVolumes-local  [Volume type: dir] Set fsGroup for local volume should set fsGroup for one pod" classname="Kubernetes e2e suite" time="0">
          <skipped></skipped>
      </testcase>
      <testcase name="[sig-cluster-lifecycle] Nodes [Disruptive] Resize [Slow] should be able to add nodes" classname="Kubernetes e2e suite" time="0">
          <skipped></skipped>
      </testcase>
      <testcase name="[sig-network] Loadbalancing: L7 GCE [Slow] [Feature:NEG] rolling update backend pods should not cause service disruption" classname="Kubernetes e2e suite" time="0">
          <skipped></skipped>
      </testcase>
      <testcase name="[sig-apps] ReplicationController should surface a failure condition on a common issue like exceeded quota" classname="Kubernetes e2e suite" time="0">
          <skipped></skipped>
      </testcase>
      <testcase name="[k8s.io] [sig-node] Events should be sent by kubelets and the scheduler about pods scheduling and running  [Conformance]" classname="Kubernetes e2e suite" time="0">
          <skipped></skipped>
      </testcase>
      <testcase name="[sig-network] Loadbalancing: L7 GCE [Slow] [Feature:NEG] should sync endpoints to NEG" classname="Kubernetes e2e suite" time="0">
          <skipped></skipped>
      </testcase>
      <testcase name="[sig-storage] Subpath [Volume type: gcePDPVC] should fail if subpath directory is outside the volume [Slow]" classname="Kubernetes e2e suite" time="0">
          <skipped></skipped>
      </testcase>
      <testcase name="[k8s.io] [sig-node] AppArmor load AppArmor profiles can disable an AppArmor profile, using unconfined" classname="Kubernetes e2e suite" time="0">
          <skipped></skipped>
      </testcase>
      <testcase name="[sig-apps] StatefulSet [k8s.io] Basic StatefulSet functionality [StatefulSetBasic] should perform rolling updates and roll backs of template modifications [Conformance]" classname="Kubernetes e2e suite" time="0">
          <skipped></skipped>
      </testcase>
      <testcase name="[sig-storage] PersistentVolumes-local  [Volume type: tmpfs] Set fsGroup for local volume should set fsGroup for one pod" classname="Kubernetes e2e suite" time="0">
          <skipped></skipped>
      </testcase>
      <testcase name="[sig-cli] Kubectl Port forwarding [k8s.io] With a server listening on localhost [k8s.io] that expects a client request should support a client that connects, sends NO DATA, and disconnects" classname="Kubernetes e2e suite" time="0">
          <skipped></skipped>
      </testcase>
      <testcase name="[sig-instrumentation] Stackdriver Monitoring should have cluster metrics [Feature:StackdriverMonitoring]" classname="Kubernetes e2e suite" time="0">
          <skipped></skipped>
      </testcase>
      <testcase name="[sig-apps] Daemon set [Serial] should not update pod when spec was updated and update strategy is OnDelete" classname="Kubernetes e2e suite" time="0">
          <skipped></skipped>
      </testcase>
      <testcase name="[sig-storage] Subpath [Volume type: gluster] should support non-existent path" classname="Kubernetes e2e suite" time="0">
          <skipped></skipped>
      </testcase>
      <testcase name="[sig-cluster-lifecycle] [Feature:BootstrapTokens] should delete the signed bootstrap tokens from clusterInfo ConfigMap when bootstrap token is deleted" classname="Kubernetes e2e suite" time="0">
          <skipped></skipped>
      </testcase>
      <testcase name="[sig-cli] Kubectl client [k8s.io] Kubectl rolling-update should support rolling-update to same image  [Conformance]" classname="Kubernetes e2e suite" time="0">
          <skipped></skipped>
      </testcase>
      <testcase name="[sig-api-machinery] Initializers [Feature:Initializers] should be invisible to controllers by default" classname="Kubernetes e2e suite" time="2.297133645">
          <failure type="Failure">/home/t-xinhli/go/src/k8s.io/kubernetes/_output/local/go/src/k8s.io/kubernetes/test/e2e/apimachinery/initializers.go:46&#xA;Expected&#xA;    &lt;nil&gt;: nil&#xA;to equal&#xA;    &lt;*errors.errorString | 0xc4200bd540&gt;: {&#xA;        s: &#34;timed out waiting for the condition&#34;,&#xA;    }&#xA;/home/t-xinhli/go/src/k8s.io/kubernetes/_output/local/go/src/k8s.io/kubernetes/test/e2e/apimachinery/initializers.go:71</failure>
          <system-out>[BeforeEach] [sig-api-machinery] Initializers [Feature:Initializers]&#xA;  /home/t-xinhli/go/src/k8s.io/kubernetes/_output/local/go/src/k8s.io/kubernetes/test/e2e/framework/framework.go:141&#xA;�[1mSTEP�[0m: Creating a kubernetes client&#xA;Jun 19 07:55:18.251: INFO: &gt;&gt;&gt; kubeConfig: /home/t-xinhli/new-provider/cloud-provider-azure/t-xinhli-new3/kubeconfig&#xA;�[1mSTEP�[0m: Building a namespace api object&#xA;�[1mSTEP�[0m: Waiting for a default service account to be provisioned in namespace&#xA;[It] should be invisible to controllers by default&#xA;  /home/t-xinhli/go/src/k8s.io/kubernetes/_output/local/go/src/k8s.io/kubernetes/test/e2e/apimachinery/initializers.go:46&#xA;Jun 19 07:55:18.360: INFO: Creating pod uninitialized-pod&#xA;[AfterEach] [sig-api-machinery] Initializers [Feature:Initializers]&#xA;  /home/t-xinhli/go/src/k8s.io/kubernetes/_output/local/go/src/k8s.io/kubernetes/test/e2e/framework/framework.go:142&#xA;�[1mSTEP�[0m: Collecting events from namespace &#34;e2e-tests-initializers-5rnrl&#34;.&#xA;�[1mSTEP�[0m: Found 2 events.&#xA;Jun 19 07:55:20.378: INFO: At 2018-06-19 07:55:18 +0000 UTC - event for uninitialized-pod: {default-scheduler } Scheduled: Successfully assigned e2e-tests-initializers-5rnrl/uninitialized-pod to k8s-agentpool1-31296431-1&#xA;Jun 19 07:55:20.378: INFO: At 2018-06-19 07:55:19 +0000 UTC - event for uninitialized-pod: {kubelet k8s-agentpool1-31296431-1} Pulling: pulling image &#34;gcr.io/kubernetes-e2e-test-images/porter-amd64:1.0&#34;&#xA;Jun 19 07:55:20.393: INFO: POD                                                         NODE                       PHASE      GRACE  CONDITIONS&#xA;Jun 19 07:55:20.393: INFO: uninitialized-pod                                           k8s-agentpool1-31296431-1  Pending           [{Initialized True 0001-01-01 00:00:00 +0000 UTC 2018-06-19 07:55:18 +0000 UTC  } {Ready False 0001-01-01 00:00:00 +0000 UTC 2018-06-19 07:55:18 +0000 UTC ContainersNotReady containers with unready status: [uninitialized-pod-container]} {PodScheduled True 0001-01-01 00:00:00 +0000 UTC 2018-06-19 07:55:18 +0000 UTC  }]&#xA;Jun 19 07:55:20.393: INFO: pod-projected-secrets-1f6dc30e-7395-11e8-99bd-000d3a184d46  k8s-agentpool1-31296431-1  Succeeded         [{Initialized True 0001-01-01 00:00:00 +0000 UTC 2018-06-19 07:48:14 +0000 UTC PodCompleted } {Ready False 0001-01-01 00:00:00 +0000 UTC 2018-06-19 07:48:14 +0000 UTC PodCompleted } {PodScheduled True 0001-01-01 00:00:00 +0000 UTC 2018-06-19 07:48:14 +0000 UTC  }]&#xA;Jun 19 07:55:20.393: INFO: cloud-controller-manager-k8s-master-31296431-0              k8s-master-31296431-0      Running           [{Initialized True 0001-01-01 00:00:00 +0000 UTC 2018-06-13 02:56:50 +0000 UTC  } {Ready True 0001-01-01 00:00:00 +0000 UTC 2018-06-13 02:57:08 +0000 UTC  } {PodScheduled True 0001-01-01 00:00:00 +0000 UTC 2018-06-13 02:56:50 +0000 UTC  }]&#xA;Jun 19 07:55:20.393: INFO: heapster-6f7b9bdf-52ntm                                     k8s-agentpool1-31296431-0  Running           [{Initialized True 0001-01-01 00:00:00 +0000 UTC 2018-06-13 02:57:42 +0000 UTC  } {Ready True 0001-01-01 00:00:00 +0000 UTC 2018-06-13 02:58:03 +0000 UTC  } {PodScheduled True 0001-01-01 00:00:00 +0000 UTC 2018-06-13 02:57:42 +0000 UTC  }]&#xA;Jun 19 07:55:20.393: INFO: kube-addon-manager-k8s-master-31296431-0                    k8s-master-31296431-0      Running           [{Initialized True 0001-01-01 00:00:00 +0000 UTC 2018-06-13 02:56:50 +0000 UTC  } {Ready True 0001-01-01 00:00:00 +0000 UTC 2018-06-13 02:56:58 +0000 UTC  } {PodScheduled True 0001-01-01 00:00:00 +0000 UTC 2018-06-13 02:56:50 +0000 UTC  }]&#xA;Jun 19 07:55:20.393: INFO: kube-apiserver-k8s-master-31296431-0                        k8s-master-31296431-0      Running           [{Initialized True 0001-01-01 00:00:00 +0000 UTC 2018-06-13 02:56:50 +0000 UTC  } {Ready True 0001-01-01 00:00:00 +0000 UTC 2018-06-13 02:56:54 +0000 UTC  } {PodScheduled True 0001-01-01 00:00:00 +0000 UTC 2018-06-13 02:56:50 +0000 UTC  }]&#xA;Jun 19 07:55:20.393: INFO: kube-controller-manager-k8s-master-31296431-0               k8s-master-31296431-0      Running           [{Initialized True 0001-01-01 00:00:00 +0000 UTC 2018-06-13 02:56:50 +0000 UTC  } {Ready True 0001-01-01 00:00:00 +0000 UTC 2018-06-13 02:56:54 +0000 UTC  } {PodScheduled True 0001-01-01 00:00:00 +0000 UTC 2018-06-13 02:56:50 +0000 UTC  }]&#xA;Jun 19 07:55:20.393: INFO: kube-dns-v20-59b4f7dc55-67fbv                               k8s-agentpool1-31296431-0  Running           [{Initialized True 0001-01-01 00:00:00 +0000 UTC 2018-06-13 02:57:41 +0000 UTC  } {Ready True 0001-01-01 00:00:00 +0000 UTC 2018-06-13 02:58:22 +0000 UTC  } {PodScheduled True 0001-01-01 00:00:00 +0000 UTC 2018-06-13 02:57:41 +0000 UTC  }]&#xA;Jun 19 07:55:20.393: INFO: kube-dns-v20-59b4f7dc55-phwv9                               k8s-agentpool1-31296431-0  Running           [{Initialized True 0001-01-01 00:00:00 +0000 UTC 2018-06-13 02:57:41 +0000 UTC  } {Ready True 0001-01-01 00:00:00 +0000 UTC 2018-06-13 02:58:25 +0000 UTC  } {PodScheduled True 0001-01-01 00:00:00 +0000 UTC 2018-06-13 02:57:41 +0000 UTC  }]&#xA;Jun 19 07:55:20.393: INFO: kube-proxy-5976x                                            k8s-master-31296431-0      Running           [{Initialized True 0001-01-01 00:00:00 +0000 UTC 2018-06-13 02:57:26 +0000 UTC  } {Ready True 0001-01-01 00:00:00 +0000 UTC 2018-06-13 02:57:29 +0000 UTC  } {PodScheduled True 0001-01-01 00:00:00 +0000 UTC 2018-06-13 02:57:26 +0000 UTC  }]&#xA;Jun 19 07:55:20.393: INFO: kube-proxy-89kmg                                            k8s-agentpool1-31296431-0  Running           [{Initialized True 0001-01-01 00:00:00 +0000 UTC 2018-06-13 02:57:26 +0000 UTC  } {Ready True 0001-01-01 00:00:00 +0000 UTC 2018-06-13 02:57:31 +0000 UTC  } {PodScheduled True 0001-01-01 00:00:00 +0000 UTC 2018-06-13 02:57:26 +0000 UTC  }]&#xA;Jun 19 07:55:20.393: INFO: kube-proxy-fr77g                                            k8s-agentpool1-31296431-1  Running           [{Initialized True 0001-01-01 00:00:00 +0000 UTC 2018-06-13 02:57:26 +0000 UTC  } {Ready True 0001-01-01 00:00:00 +0000 UTC 2018-06-13 02:57:31 +0000 UTC  } {PodScheduled True 0001-01-01 00:00:00 +0000 UTC 2018-06-13 02:57:26 +0000 UTC  }]&#xA;Jun 19 07:55:20.393: INFO: kube-scheduler-k8s-master-31296431-0                        k8s-master-31296431-0      Running           [{Initialized True 0001-01-01 00:00:00 +0000 UTC 2018-06-13 02:56:50 +0000 UTC  } {Ready True 0001-01-01 00:00:00 +0000 UTC 2018-06-13 02:56:54 +0000 UTC  } {PodScheduled True 0001-01-01 00:00:00 +0000 UTC 2018-06-13 02:56:50 +0000 UTC  }]&#xA;Jun 19 07:55:20.393: INFO: kubernetes-dashboard-65c8bbc84b-tf6lc                       k8s-agentpool1-31296431-0  Running           [{Initialized True 0001-01-01 00:00:00 +0000 UTC 2018-06-13 02:57:42 +0000 UTC  } {Ready True 0001-01-01 00:00:00 +0000 UTC 2018-06-13 02:57:53 +0000 UTC  } {PodScheduled True 0001-01-01 00:00:00 +0000 UTC 2018-06-13 02:57:42 +0000 UTC  }]&#xA;Jun 19 07:55:20.393: INFO: metrics-server-5c74cf6d4f-h5mgt                             k8s-agentpool1-31296431-0  Running           [{Initialized True 0001-01-01 00:00:00 +0000 UTC 2018-06-13 02:57:41 +0000 UTC  } {Ready True 0001-01-01 00:00:00 +0000 UTC 2018-06-13 02:57:46 +0000 UTC  } {PodScheduled True 0001-01-01 00:00:00 +0000 UTC 2018-06-13 02:57:40 +0000 UTC  }]&#xA;Jun 19 07:55:20.393: INFO: tiller-deploy-d85ccb55c-pk2j4                               k8s-agentpool1-31296431-0  Running           [{Initialized True 0001-01-01 00:00:00 +0000 UTC 2018-06-13 02:57:42 +0000 UTC  } {Ready True 0001-01-01 00:00:00 +0000 UTC 2018-06-13 02:58:06 +0000 UTC  } {PodScheduled True 0001-01-01 00:00:00 +0000 UTC 2018-06-13 02:57:42 +0000 UTC  }]&#xA;Jun 19 07:55:20.393: INFO: &#xA;Jun 19 07:55:20.396: INFO: &#xA;Logging node info for node k8s-agentpool1-31296431-0&#xA;Jun 19 07:55:20.399: INFO: Node Info: &amp;Node{ObjectMeta:k8s_io_apimachinery_pkg_apis_meta_v1.ObjectMeta{Name:k8s-agentpool1-31296431-0,GenerateName:,Namespace:,SelfLink:/api/v1/nodes/k8s-agentpool1-31296431-0,UID:74eaa19b-6eb5-11e8-9654-000d3a134c0e,ResourceVersion:1061833,Generation:0,CreationTimestamp:2018-06-13 02:57:06 +0000 UTC,DeletionTimestamp:&lt;nil&gt;,DeletionGracePeriodSeconds:nil,Labels:map[string]string{agentpool: agentpool1,beta.kubernetes.io/arch: amd64,beta.kubernetes.io/instance-type: Standard_F2,beta.kubernetes.io/os: linux,failure-domain.beta.kubernetes.io/region: eastus,failure-domain.beta.kubernetes.io/zone: 0,kubernetes.azure.com/cluster: t-xinhli-new3,kubernetes.io/hostname: k8s-agentpool1-31296431-0,kubernetes.io/role: agent,storageprofile: managed,storagetier: Standard_LRS,},Annotations:map[string]string{node.alpha.kubernetes.io/ttl: 0,volumes.kubernetes.io/controller-managed-attach-detach: true,},OwnerReferences:[],Finalizers:[],ClusterName:,Initializers:nil,},Spec:NodeSpec{PodCIDR:10.244.1.0/24,DoNotUse_ExternalID:,ProviderID:azure:///subscriptions/c4528d9e-c99a-48bb-b12d-fde2176a43b8/resourceGroups/t-xinhli-new3/providers/Microsoft.Compute/virtualMachines/k8s-agentpool1-31296431-0,Unschedulable:false,Taints:[],ConfigSource:nil,},Status:NodeStatus{Capacity:ResourceList{cpu: {{2 0} {&lt;nil&gt;} 2 DecimalSI},ephemeral-storage: {{31158935552 0} {&lt;nil&gt;}  BinarySI},hugepages-1Gi: {{0 0} {&lt;nil&gt;} 0 DecimalSI},hugepages-2Mi: {{0 0} {&lt;nil&gt;} 0 DecimalSI},memory: {{4114132992 0} {&lt;nil&gt;} 4017708Ki BinarySI},pods: {{110 0} {&lt;nil&gt;} 110 DecimalSI},},Allocatable:ResourceList{cpu: {{2 0} {&lt;nil&gt;} 2 DecimalSI},ephemeral-storage: {{28043041951 0} {&lt;nil&gt;} 28043041951 DecimalSI},hugepages-1Gi: {{0 0} {&lt;nil&gt;} 0 DecimalSI},hugepages-2Mi: {{0 0} {&lt;nil&gt;} 0 DecimalSI},memory: {{4009275392 0} {&lt;nil&gt;} 3915308Ki BinarySI},pods: {{110 0} {&lt;nil&gt;} 110 DecimalSI},},Phase:,Conditions:[{NetworkUnavailable False 2018-06-13 02:58:57 +0000 UTC 2018-06-13 02:58:57 +0000 UTC RouteCreated RouteController created a route} {OutOfDisk False 2018-06-19 07:55:16 +0000 UTC 2018-06-13 02:57:05 +0000 UTC KubeletHasSufficientDisk kubelet has sufficient disk space available} {MemoryPressure False 2018-06-19 07:55:16 +0000 UTC 2018-06-13 02:57:05 +0000 UTC KubeletHasSufficientMemory kubelet has sufficient memory available} {DiskPressure False 2018-06-19 07:55:16 +0000 UTC 2018-06-13 02:57:05 +0000 UTC KubeletHasNoDiskPressure kubelet has no disk pressure} {PIDPressure False 2018-06-19 07:55:16 +0000 UTC 2018-06-13 02:57:05 +0000 UTC KubeletHasSufficientPID kubelet has sufficient PID available} {Ready True 2018-06-19 07:55:16 +0000 UTC 2018-06-13 02:57:36 +0000 UTC KubeletReady kubelet is posting ready status. AppArmor enabled}],Addresses:[{InternalIP 10.240.0.5} {Hostname k8s-agentpool1-31296431-0}],DaemonEndpoints:NodeDaemonEndpoints{KubeletEndpoint:DaemonEndpoint{Port:10250,},},NodeInfo:NodeSystemInfo{MachineID:79fe54da919d45ff9e81f9bf6ebd36fb,SystemUUID:24B4B64B-ECDB-7144-A474-9331C73E23DF,BootID:3b74ef78-7064-4109-a243-e752fa302910,KernelVersion:4.13.0-1018-azure,OSImage:Ubuntu 16.04.4 LTS,ContainerRuntimeVersion:docker://1.13.1,KubeletVersion:v1.12.0-alpha.0,KubeProxyVersion:v1.12.0-alpha.0,OperatingSystem:linux,Architecture:amd64,},Images:[{[gcrio.azureedge.net/google_containers/hyperkube-amd64@sha256:b92fc22f40fa4bf5d72ddd6e82ffd5d5a98ac9201eeb086843899f3a9fbf3eee gcrio.azureedge.net/google_containers/hyperkube-amd64:v1.12.0-alpha.0] 619581352} {[gcr.io/google-samples/gb-frontend-amd64@sha256:7a970e9aefef212969098b766d3999f99803dd3665701bdb04149442d28bb8d9 gcr.io/google-samples/gb-frontend-amd64:v5] 405392212} {[gcr.io/kubernetes-e2e-test-images/jessie-dnsutils-amd64@sha256:b7fb726f862504ca6afcc512abf30456cbf4fbd6b4589af46d2c1d27cb89acf0 gcr.io/kubernetes-e2e-test-images/jessie-dnsutils-amd64:1.0] 189192551} {[k8s.gcr.io/nginx-slim-amd64@sha256:6654db6d4028756062edac466454ee5c9cf9b20ef79e35a81e3c840031eb1e2b k8s.gcr.io/nginx-slim-amd64:0.20] 103591055} {[k8s-gcrio.azureedge.net/kubernetes-dashboard-amd64@sha256:dc4026c1b595435ef5527ca598e1e9c4343076926d7d62b365c44831395adbd0 k8s-gcrio.azureedge.net/kubernetes-dashboard-amd64:v1.8.3] 102319441} {[gcr.io/google-samples/gb-redisslave-amd64@sha256:1617b771628664299f4ca1edc7f7ffd05287b56c95d2efede8f0ae10949ebd55 gcr.io/google-samples/gb-redisslave-amd64:v2] 98945667} {[k8s.gcr.io/nginx-slim-amd64@sha256:8ca6a9ecef3b2ef02f6e0c3d449235d9c53d532f420cc0a29a6a133aa88df256 k8s.gcr.io/nginx-slim-amd64:0.21] 95339966} {[k8s-gcrio.azureedge.net/heapster-amd64@sha256:d4d10455d921802bdb004e7edfe423a2b2f88911319b48abf47e0af909f27f15 k8s-gcrio.azureedge.net/heapster-amd64:v1.5.1] 75318380} {[gcrio.azureedge.net/kubernetes-helm/tiller@sha256:394fb7d5f2fbaca54f6a0dec387cef926f6ae359786c89f7da67db173b97a322 gcrio.azureedge.net/kubernetes-helm/tiller:v2.8.1] 71509364} {[k8s-gcrio.azureedge.net/k8s-dns-kube-dns-amd64@sha256:6d8e0da4fb46e9ea2034a3f4cab0e095618a2ead78720c12e791342738e5f85d k8s-gcrio.azureedge.net/k8s-dns-kube-dns-amd64:1.14.8] 50456751} {[k8s-gcrio.azureedge.net/metrics-server-amd64@sha256:49a9f12f7067d11f42c803dbe61ed2c1299959ad85cb315b25ff7eef8e6b8892 k8s-gcrio.azureedge.net/metrics-server-amd64:v0.2.1] 42541759} {[k8s-gcrio.azureedge.net/k8s-dns-dnsmasq-nanny-amd64@sha256:93c827f018cf3322f1ff2aa80324a0306048b0a69bc274e423071fb0d2d29d8b k8s-gcrio.azureedge.net/k8s-dns-dnsmasq-nanny-amd64:1.14.8] 40951779} {[k8s-gcrio.azureedge.net/addon-resizer@sha256:507aa9845ecce1fdde4d61f530c802f4dc2974c700ce0db7730866e442db958d k8s-gcrio.azureedge.net/addon-resizer:1.8.1] 32968591} {[gcr.io/kubernetes-e2e-test-images/dnsutils-amd64@sha256:9e1873dbe19894688dc3d129994c952891d43794df2480217f899bf92732d35f gcr.io/kubernetes-e2e-test-images/dnsutils-amd64:1.0] 8871636} {[k8s-gcrio.azureedge.net/exechealthz-amd64@sha256:503e158c3f65ed7399f54010571c7c977ade7fe59010695f48d9650d83488c0a k8s-gcrio.azureedge.net/exechealthz-amd64:1.2] 8374840} {[gcr.io/kubernetes-e2e-test-images/netexec-amd64@sha256:2edfad424a541b9e024f26368d3a5b7dcc1d7cd27a4ee8c1d8c3f81d9209ab2e gcr.io/kubernetes-e2e-test-images/netexec-amd64:1.0] 6227659} {[gcr.io/kubernetes-e2e-test-images/redis-amd64@sha256:3e01bcaf67cb9b5c9fa7f57ba92539c8962d59c9647b91e9ec5047a89e2bc49a gcr.io/kubernetes-e2e-test-images/redis-amd64:1.0] 5850779} {[gcr.io/kubernetes-e2e-test-images/serve-hostname-amd64@sha256:2dd4032e98a0450d95a0ac71a5e465f542a900812d8c41bc6ca635aed1a5fc91 gcr.io/kubernetes-e2e-test-images/serve-hostname-amd64:1.0] 5470001} {[gcr.io/kubernetes-e2e-test-images/nautilus-amd64@sha256:a4e859e40750d0e1a94470445bea3bc0ba4edc7363863a0be7a3714336040daa gcr.io/kubernetes-e2e-test-images/nautilus-amd64:1.0] 4415165} {[gcr.io/kubernetes-e2e-test-images/kitten-amd64@sha256:36e05bc3dfe1cd0f2d2d119f47fbb6e1c75037b291073012d57fbf28af3de3d7 gcr.io/kubernetes-e2e-test-images/kitten-amd64:1.0] 4408701} {[gcr.io/kubernetes-e2e-test-images/test-webserver-amd64@sha256:cd237408ae94e22c4f5c6d7c6f56708341db6c428180fe1fe011c17bf9d03c50 gcr.io/kubernetes-e2e-test-images/test-webserver-amd64:1.0] 4393904} {[gcr.io/kubernetes-e2e-test-images/liveness-amd64@sha256:5f89fb4e972426ae8d1d60dcf041f631f4d79922f50cc7ecbac2a8d1ed66edae gc
[...]
          <skipped></skipped>
      </testcase>
      <testcase name="[sig-storage] PersistentVolumes [Feature:ReclaimPolicy] [sig-storage] persistentvolumereclaim:vsphere should retain persistent volume when reclaimPolicy set to retain when associated claim is deleted" classname="Kubernetes e2e suite" time="0">
          <skipped></skipped>
      </testcase>
      <testcase name="[sig-storage] Subpath [Volume type: emptyDir] should support readOnly file specified in the volumeMount" classname="Kubernetes e2e suite" time="0">
          <skipped></skipped>
      </testcase>
      <testcase name="[sig-storage] Subpath [Volume type: hostPath] should support creating multiple subpath from same volumes [Slow]" classname="Kubernetes e2e suite" time="0">
          <skipped></skipped>
      </testcase>
      <testcase name="[sig-storage] Ephemeralstorage When pod refers to non-existent ephemeral storage should allow deletion of pod with invalid volume : secret" classname="Kubernetes e2e suite" time="0">
          <skipped></skipped>
      </testcase>
      <testcase name="[sig-storage] PersistentVolumes-local  [Volume type: dir-link-bindmounted] One pod requesting one prebound PVC should be able to mount volume and write from pod1" classname="Kubernetes e2e suite" time="0">
          <skipped></skipped>
      </testcase>
      <testcase name="[sig-scheduling] SchedulerPredicates [Serial] validates that taints-tolerations is respected if not matching" classname="Kubernetes e2e suite" time="0">
          <skipped></skipped>
      </testcase>
      <testcase name="[sig-network] Services should be able to change the type from ExternalName to NodePort" classname="Kubernetes e2e suite" time="0">
          <skipped></skipped>
      </testcase>
      <testcase name="[sig-storage] Projected should be consumable from pods in volume with mappings and Item mode set [NodeConformance] [Conformance]" classname="Kubernetes e2e suite" time="0">
          <skipped></skipped>
      </testcase>
      <testcase name="[sig-storage] Subpath [Volume type: gcePDPVC] should support file as subpath" classname="Kubernetes e2e suite" time="0">
          <skipped></skipped>
      </testcase>
      <testcase name="[sig-cli] Kubectl client [k8s.io] Kubectl run CronJob should create a CronJob" classname="Kubernetes e2e suite" time="0">
          <skipped></skipped>
      </testcase>
      <testcase name="[sig-autoscaling] [HPA] Horizontal pod autoscaling (scale resource: Custom Metrics from Stackdriver) should scale down with External Metric with target average value from Stackdriver [Feature:CustomMetricsAutoscaling]" classname="Kubernetes e2e suite" time="0">
          <skipped></skipped>
      </testcase>
      <testcase name="[sig-storage] Subpath [Volume type: emptyDir] should support restarting containers using directory as subpath [Slow]" classname="Kubernetes e2e suite" time="0">
          <skipped></skipped>
      </testcase>
      <testcase name="[sig-api-machinery] AdmissionWebhook Should be able to deny pod and configmap creation" classname="Kubernetes e2e suite" time="0">
          <skipped></skipped>
      </testcase>
      <testcase name="[sig-scheduling] ResourceQuota [Feature:Initializers] should create a ResourceQuota and capture the life of an uninitialized pod." classname="Kubernetes e2e suite" time="0">
          <skipped></skipped>
      </testcase>
      <testcase name="[k8s.io] [sig-node] Security Context [Feature:SecurityContext] should support container.SecurityContext.RunAsUser And container.SecurityContext.RunAsGroup [Feature:RunAsGroup]" classname="Kubernetes e2e suite" time="0">
          <skipped></skipped>
      </testcase>
      <testcase name="[sig-storage] Subpath [Volume type: gluster] should support creating multiple subpath from same volumes [Slow]" classname="Kubernetes e2e suite" time="0">
          <skipped></skipped>
      </testcase>
      <testcase name="[sig-storage] Ephemeralstorage When pod refers to non-existent ephemeral storage should allow deletion of pod with invalid volume : projected" classname="Kubernetes e2e suite" time="0">
          <skipped></skipped>
      </testcase>
      <testcase name="[k8s.io] Docker Containers should use the image defaults if command and args are blank [NodeConformance] [Conformance]" classname="Kubernetes e2e suite" time="8.293273648"></testcase>
      <testcase name="[sig-network] Services should work after restarting apiserver [Disruptive]" classname="Kubernetes e2e suite" time="0">
          <skipped></skipped>
      </testcase>
      <testcase name="[sig-storage] Volume plugin streaming [Slow] NFS should write files of various sizes, verify size, validate content" classname="Kubernetes e2e suite" time="0">
          <skipped></skipped>
      </testcase>
      <testcase name="[sig-autoscaling] Cluster size autoscaling [Slow] should add new node and new node pool on too big pod, scale down to 1 and scale down to 0 [Feature:ClusterSizeAutoscalingScaleWithNAP]" classname="Kubernetes e2e suite" time="0">
          <skipped></skipped>
      </testcase>
      <testcase name="[sig-storage] PersistentVolumes [Feature:ReclaimPolicy] [sig-storage] persistentvolumereclaim:vsphere should delete persistent volume when reclaimPolicy set to delete and associated claim is deleted" classname="Kubernetes e2e suite" time="0">
          <skipped></skipped>
      </testcase>
      <testcase name="[sig-network] Services [Feature:GCEAlphaFeature][Slow] should be able to create and tear down a standard-tier load balancer [Slow]" classname="Kubernetes e2e suite" time="0">
          <skipped></skipped>
      </testcase>
      <testcase name="[sig-scheduling] SchedulerPreemption [Serial] [Feature:PodPreemption] validates pod anti-affinity works in preemption" classname="Kubernetes e2e suite" time="0">
          <skipped></skipped>
      </testcase>
      <testcase name="[sig-api-machinery] Secrets should be consumable from pods in env vars [NodeConformance] [Conformance]" classname="Kubernetes e2e suite" time="0">
          <skipped></skipped>
      </testcase>
      <testcase name="[sig-storage] Pod Disks schedule pods each with a PD, delete pod and verify detach [Slow] for read-only PD with pod delete grace period of &#34;default (30s)&#34;" classname="Kubernetes e2e suite" time="6.257862406">
          <skipped></skipped>
      </testcase>
      <testcase name="[sig-apps] ReplicationController should release no longer matching pods" classname="Kubernetes e2e suite" time="0">
          <skipped></skipped>
      </testcase>
      <testcase name="[sig-storage] Subpath [Volume type: gcePDPartitioned] should support restarting containers using file as subpath [Slow]" classname="Kubernetes e2e suite" time="0">
          <skipped></skipped>
      </testcase>
      <testcase name="[sig-storage] GenericPersistentVolume[Disruptive] When kubelet restarts Should test that a file written to the mount before kubelet restart is readable after restart." classname="Kubernetes e2e suite" time="0">
          <skipped></skipped>
      </testcase>
      <testcase name="[sig-storage] PersistentVolumes-local  [Volume type: blockfs] One pod requesting one prebound PVC should be able to mount volume and read from pod1" classname="Kubernetes e2e suite" time="0">
          <skipped></skipped>
      </testcase>
      <testcase name="[sig-cli] Kubectl client [k8s.io] Kubectl describe should check if kubectl describe prints relevant information for rc and pods  [Conformance]" classname="Kubernetes e2e suite" time="0">
          <skipped></skipped>
      </testcase>
      <testcase name="[sig-network] NetworkPolicy NetworkPolicy between server and client should support allow-all policy [Feature:NetworkPolicy]" classname="Kubernetes e2e suite" time="0">
          <skipped></skipped>
      </testcase>
      <testcase name="[sig-scheduling] PodPriorityResolution [Serial] [Feature:PodPreemption] validates critical system priorities are created and resolved" classname="Kubernetes e2e suite" time="0">
          <skipped></skipped>
      </testcase>
      <testcase name="[sig-storage] Projected should provide container&#39;s cpu limit [NodeConformance] [Conformance]" classname="Kubernetes e2e suite" time="0">
          <skipped></skipped>
      </testcase>
      <testcase name="[sig-storage] Subpath [Volume type: nfsPVC] should support creating multiple subpath from same volumes [Slow]" classname="Kubernetes e2e suite" time="0">
          <skipped></skipped>
      </testcase>
      <testcase name="[sig-api-machinery] Watchers should observe an object deletion if it stops meeting the requirements of the selector [Conformance]" classname="Kubernetes e2e suite" time="0">
          <skipped></skipped>
      </testcase>
      <testcase name="[sig-service-catalog] [Feature:PodPreset] PodPreset should not modify the pod on conflict" classname="Kubernetes e2e suite" time="0">
          <skipped></skipped>
      </testcase>
      <testcase name="[k8s.io] Docker Containers should be able to override the image&#39;s default command and arguments [NodeConformance] [Conformance]" classname="Kubernetes e2e suite" time="10.38430789"></testcase>
      <testcase name="[sig-network] Services should be able to switch session affinity for LoadBalancer service with ESIPP off [Slow] [DisabledForLargeClusters]" classname="Kubernetes e2e suite" time="0">
          <skipped></skipped>
      </testcase>
      <testcase name="[sig-network] Services should prevent NodePort collisions" classname="Kubernetes e2e suite" time="0">
          <skipped></skipped>
      </testcase>
      <testcase name="[sig-autoscaling] Cluster size autoscaling [Slow] shouldn&#39;t increase cluster size if pending pod is too large [Feature:ClusterSizeAutoscalingScaleUp]" classname="Kubernetes e2e suite" time="0">
          <skipped></skipped>
      </testcase>
      <testcase name="[sig-network] Proxy version v1 should proxy through a service and a pod  [Conformance]" classname="Kubernetes e2e suite" time="0">
          <skipped></skipped>
      </testcase>
      <testcase name="[sig-storage] Projected should provide podname only [NodeConformance] [Conformance]" classname="Kubernetes e2e suite" time="0">
          <skipped></skipped>
      </testcase>
      <testcase name="[sig-network] DNS should provide DNS for ExternalName services" classname="Kubernetes e2e suite" time="0">
          <skipped></skipped>
      </testcase>
      <testcase name="[sig-storage] Subpath [Volume type: gcePDPVC] should fail if subpath with backstepping is outside the volume [Slow]" classname="Kubernetes e2e suite" time="0">
          <skipped></skipped>
      </testcase>
      <testcase name="[sig-network] Loadbalancing: L7 GCE [Slow] [Feature:Ingress] multicluster ingress should get instance group annotation" classname="Kubernetes e2e suite" time="0">
          <skipped></skipped>
      </testcase>
      <testcase name="[sig-scalability] Density [Feature:ManualPerformance] should allow starting 30 pods per node using { ReplicationController} with 0 secrets, 0 configmaps and 2 daemons" classname="Kubernetes e2e suite" time="0">
          <skipped></skipped>
      </testcase>
      <testcase name="[sig-scheduling] ResourceQuota should create a ResourceQuota and capture the life of a persistent volume claim. [sig-storage]" classname="Kubernetes e2e suite" time="0">
          <skipped></skipped>
      </testcase>
      <testcase name="[sig-apps] DisruptionController evictions: maxUnavailable deny evictions, integer =&gt; should not allow an eviction" classname="Kubernetes e2e suite" time="0">
          <skipped></skipped>
      </testcase>
      <testcase name="[sig-autoscaling] Cluster size autoscaling [Slow] should create new node if there is no node for node selector [Feature:ClusterSizeAutoscalingScaleWithNAP]" classname="Kubernetes e2e suite" time="0">
          <skipped></skipped>
      </testcase>
      <testcase name="[k8s.io] Pods should support retrieving logs from the container over websockets [NodeConformance]" classname="Kubernetes e2e suite" time="0">
          <skipped></skipped>
      </testcase>
      <testcase name="[sig-api-machinery] Servers with support for Table transformation should return generic metadata details across all namespaces for nodes" classname="Kubernetes e2e suite" time="0">
          <skipped></skipped>
      </testcase>
      <testcase name="[sig-storage] Downward API volume should provide node allocatable (memory) as default memory limit if the limit is not set [NodeConformance] [Conformance]" classname="Kubernetes e2e suite" time="10.338792087"></testcase>
      <testcase name="[sig-api-machinery] Aggregator Should be able to support the 1.7 Sample API Server using the current Aggregator" classname="Kubernetes e2e suite" time="0">
          <skipped></skipped>
      </testcase>
      <testcase name="[sig-storage] Downward API volume should provide podname as non-root with fsgroup and defaultMode [NodeFeature:FSGroup]" classname="Kubernetes e2e suite" time="10.316310735"></testcase>
      <testcase name="[sig-network] Networking Granular Checks: Pods should function for node-pod communication: udp [NodeConformance] [Conformance]" classname="Kubernetes e2e suite" time="0">
          <skipped></skipped>
      </testcase>
      <testcase name="[sig-api-machinery] My test should keep the rc around until all its pods are deleted if the deleteOptions says so [Conformance]" classname="Kubernetes e2e suite" time="0">
          <skipped></skipped>
      </testcase>
      <testcase name="[sig-autoscaling] Cluster size autoscaling [Slow] shouldn&#39;t add new node group if not needed [Feature:ClusterSizeAutoscalingScaleWithNAP]" classname="Kubernetes e2e suite" time="0">
          <skipped></skipped>
      </testcase>
      <testcase name="[sig-network] ClusterDns [Feature:Example] should create pod that uses dns" classname="Kubernetes e2e suite" time="0">
          <skipped></skipped>
      </testcase>
      <testcase name="[k8s.io] Probing container should be restarted with a docker exec liveness probe with timeout " classname="Kubernetes e2e suite" time="0">
          <skipped></skipped>
      </testcase>
      <testcase name="[sig-storage] Subpath [Volume type: hostPath] should fail if subpath with backstepping is outside the volume [Slow]" classname="Kubernetes e2e suite" time="0">
          <skipped></skipped>
      </testcase>
      <testcase name="[sig-storage] Subpath Atomic writer volumes should support subpaths with configmap pod" classname="Kubernetes e2e suite" time="0">
          <skipped></skipped>
      </testcase>
      <testcase name="[sig-instrumentation] [Feature:PrometheusMonitoring] Prometheus should successfully scrape all targets" classname="Kubernetes e2e suite" time="0">
          <skipped></skipped>
      </testcase>
      <testcase name="[sig-storage] Storage Policy Based Volume Provisioning [Feature:vsphere] verify VSAN storage capability with invalid hostFailuresToTolerate value is not honored for dynamically provisioned pvc using storageclass" classname="Kubernetes e2e suite" time="0">
          <skipped></skipped>
      </testcase>
      <testcase name="[sig-api-machinery] AdmissionWebhook Should deny crd creation" classname="Kubernetes e2e suite" time="0">
          <skipped></skipped>
      </testcase>
      <testcase name="[k8s.io] Cluster size autoscaler scalability [Slow] should scale down underutilized nodes [Feature:ClusterAutoscalerScalability4]" classname="Kubernetes e2e suite" time="0">
          <skipped></skipped>
      </testcase>
      <testcase name="[sig-apps] DisruptionController evictions: maxUnavailable allow single eviction, percentage =&gt; should allow an eviction" classname="Kubernetes e2e suite" time="0">
          <skipped></skipped>
      </testcase>
      <testcase name="[sig-storage] PersistentVolumes NFS with Single PV - PVC pairs should create a non-pre-bound PV and PVC: test write access " classname="Kubernetes e2e suite" time="0">
          <skipped></skipped>
      </testcase>
      <testcase name="[sig-storage] Subpath [Volume type: emptyDir] should support existing single file" classname="Kubernetes e2e suite" time="0">
          <skipped></skipped>
      </testcase>
      <testcase name="[sig-scheduling] ResourceQuota should create a ResourceQuota and capture the life of a pod." classname="Kubernetes e2e suite" time="0">
          <skipped></skipped>
      </testcase>
      <testcase name="[sig-cluster-lifecycle] HA-master [Feature:HAMaster] survive addition/removal replicas same zone [Serial][Disruptive]" classname="Kubernetes e2e suite" time="0">
          <skipped></skipped>
      </testcase>
      <testcase name="[sig-scheduling] ResourceQuota should create a ResourceQuota and ensure its status is promptly calculated." classname="Kubernetes e2e suite" time="0">
          <skipped></skipped>
      </testcase>
      <testcase name="[sig-api-machinery] CustomResourceDefinition resources Simple CustomResourceDefinition creating/deleting custom resource definition objects works  [Conformance]" classname="Kubernetes e2e suite" time="0">
          <skipped></skipped>
      </testcase>
      <testcase name="[sig-storage] Subpath [Volume type: hostPathSymlink] should support creating multiple subpath from same volumes [Slow]" classname="Kubernetes e2e suite" time="0">
          <skipped></skipped>
      </testcase>
      <testcase name="[sig-storage] PersistentVolumes-local  [Volume type: dir] Two pods mounting a local volume one after the other should be able to write from pod1 and read from pod2" classname="Kubernetes e2e suite" time="0">
          <skipped></skipped>
      </testcase>
      <testcase name="[sig-storage] Subpath [Volume type: gcePDPVC] should unmount if pod is gracefully deleted while kubelet is down [Disruptive][Slow]" classname="Kubernetes e2e suite" time="0">
          <skipped></skipped>
      </testcase>
      <testcase name="[sig-network] Services should serve multiport endpoints from pods  [Conformance]" classname="Kubernetes e2e suite" time="0">
          <skipped></skipped>
      </testcase>
      <testcase name="[sig-apps] ReplicaSet should adopt matching pods on creation and release no longer matching pods" classname="Kubernetes e2e suite" time="0">
          <skipped></skipped>
      </testcase>
      <testcase name="[sig-apps] Job should exceed backoffLimit" classname="Kubernetes e2e suite" time="0">
          <skipped></skipped>
      </testcase>
      <testcase name="[sig-auth] [Feature:NodeAuthorizer] Getting a non-existent configmap should exit with the Forbidden error, not a NotFound error" classname="Kubernetes e2e suite" time="0">
          <skipped></skipped>
      </testcase>
      <testcase name="[sig-storage] Subpath [Volume type: hostPathSymlink] should support existing directory" classname="Kubernetes e2e suite" time="0">
          <skipped></skipped>
      </testcase>
      <testcase name="[sig-storage] PersistentVolumes-local  [Volume type: dir-bindmounted] Set fsGroup for local volume should set different fsGroup for second pod if first pod is deleted" classname="Kubernetes e2e suite" time="0">
          <skipped></skipped>
      </testcase>
      <testcase name="[sig-storage] Regional PD RegionalPD should failover to a different zone when all nodes in one zone become unreachable [Slow] [Disruptive]" classname="Kubernetes e2e suite" time="0">
          <skipped></skipped>
      </testcase>
      <testcase name="[sig-storage] Subpath [Volume type: emptyDir] should fail if subpath file is outside the volume [Slow]" classname="Kubernetes e2e suite" time="0">
          <skipped></skipped>
      </testcase>
      <testcase name="[sig-api-machinery] My test should delete jobs and pods created by cronjob" classname="Kubernetes e2e suite" time="0">
          <skipped></skipped>
      </testcase>
  </testsuite>